base
epoch 0:
loss: 1.6441 || cls: 1.7747
train: acc: 0.7336 || macc: 0.4134 || miou: 0.3334 || iou: [0.6553, 0.8975, 0.2649, 0.4916, 0.5478, 0.4347, 0.4213, 0.1359, 0.274, 0.3489, 0.0023, 0.1977, 0.2285, 0.3813, 0.0912, 0.2465, 0.3221, 0.1895, 0.3665, 0.1702]
val:   acc: 0.8365 || macc: 0.6808 || miou: 0.5558 || iou: [0.7705, 0.9527, 0.4795, 0.6627, 0.8181, 0.7575, 0.6248, 0.3923, 0.4525, 0.7064, 0.0506, 0.4989, 0.5072, 0.4769, 0.3198, 0.4779, 0.6905, 0.4612, 0.7441, 0.2716]
duration: 292.73340702056885
new best!
epoch 1:
loss: 1.4586 || cls: 1.2166
train: acc: 0.8103 || macc: 0.6172 || miou: 0.5141 || iou: [0.7378, 0.9344, 0.4209, 0.6613, 0.7031, 0.6111, 0.5354, 0.3555, 0.4388, 0.5278, 0.1366, 0.3512, 0.4097, 0.5873, 0.334, 0.5085, 0.628, 0.4563, 0.6356, 0.3091]
val:   acc: 0.8665 || macc: 0.7492 || miou: 0.6346 || iou: [0.7992, 0.9563, 0.5281, 0.7728, 0.826, 0.7884, 0.6706, 0.5586, 0.5015, 0.7218, 0.1949, 0.5795, 0.5735, 0.6698, 0.4182, 0.5351, 0.8461, 0.5329, 0.7933, 0.4247]
duration: 293.9877655506134
new best!
epoch 2:
loss: 1.4011 || cls: 0.9945
train: acc: 0.8372 || macc: 0.6809 || miou: 0.5767 || iou: [0.7676, 0.9424, 0.4824, 0.7141, 0.7462, 0.6715, 0.5654, 0.4304, 0.4909, 0.597, 0.2463, 0.4331, 0.4673, 0.6397, 0.4423, 0.5991, 0.6957, 0.5063, 0.7026, 0.3937]
val:   acc: 0.8541 || macc: 0.7834 || miou: 0.6298 || iou: [0.7782, 0.9608, 0.5525, 0.7604, 0.8769, 0.8142, 0.6229, 0.5504, 0.4914, 0.6326, 0.2148, 0.6017, 0.5058, 0.6647, 0.4427, 0.4861, 0.8923, 0.5086, 0.8145, 0.4238]
duration: 291.4502911567688
epoch 3:
loss: 1.3726 || cls: 0.6898
train: acc: 0.8496 || macc: 0.7086 || miou: 0.6042 || iou: [0.7832, 0.9471, 0.5128, 0.7217, 0.7655, 0.6947, 0.5955, 0.4816, 0.5129, 0.6126, 0.3054, 0.4496, 0.4949, 0.653, 0.4859, 0.6297, 0.7328, 0.5381, 0.725, 0.4424]
val:   acc: 0.8839 || macc: 0.7873 || miou: 0.6804 || iou: [0.8315, 0.9618, 0.6176, 0.7259, 0.8738, 0.7988, 0.6769, 0.583, 0.5826, 0.7302, 0.2935, 0.6488, 0.5907, 0.6872, 0.5241, 0.7047, 0.8939, 0.5899, 0.8256, 0.4671]
duration: 291.22917914390564
new best!
epoch 4:
loss: 1.3492 || cls: 0.5882
train: acc: 0.8609 || macc: 0.7333 || miou: 0.6305 || iou: [0.795, 0.9498, 0.5464, 0.7583, 0.7867, 0.7251, 0.6184, 0.5121, 0.5564, 0.6535, 0.3494, 0.4754, 0.5247, 0.6754, 0.5317, 0.6405, 0.7425, 0.5531, 0.7435, 0.4724]
val:   acc: 0.8812 || macc: 0.7699 || miou: 0.673 || iou: [0.8318, 0.9601, 0.5487, 0.7991, 0.8807, 0.7713, 0.6252, 0.5886, 0.6005, 0.7337, 0.2978, 0.6505, 0.5704, 0.746, 0.4492, 0.6615, 0.9049, 0.5934, 0.8164, 0.4293]
duration: 292.54269766807556
epoch 5:
loss: 1.3382 || cls: 0.542
train: acc: 0.8658 || macc: 0.7446 || miou: 0.6434 || iou: [0.7998, 0.9512, 0.5558, 0.7767, 0.7998, 0.7297, 0.6344, 0.5149, 0.5526, 0.6672, 0.3724, 0.4948, 0.5406, 0.6841, 0.5444, 0.6583, 0.7675, 0.5731, 0.7646, 0.4869]
val:   acc: 0.8848 || macc: 0.7799 || miou: 0.6857 || iou: [0.8264, 0.9622, 0.6017, 0.7921, 0.8884, 0.779, 0.6798, 0.5907, 0.5341, 0.7518, 0.2708, 0.6672, 0.5928, 0.7281, 0.5282, 0.674, 0.9137, 0.6034, 0.8327, 0.4973]
duration: 291.7418177127838
new best!
epoch 6:
loss: 1.3292 || cls: 0.5245
train: acc: 0.8696 || macc: 0.7499 || miou: 0.6497 || iou: [0.8071, 0.9528, 0.5608, 0.7701, 0.7993, 0.7336, 0.6378, 0.5295, 0.5638, 0.6825, 0.3809, 0.4951, 0.5377, 0.6896, 0.5543, 0.671, 0.7799, 0.5832, 0.7622, 0.503]
val:   acc: 0.8841 || macc: 0.7607 || miou: 0.6649 || iou: [0.8335, 0.9636, 0.5909, 0.7161, 0.8733, 0.7468, 0.6731, 0.6178, 0.5923, 0.7715, 0.2975, 0.3849, 0.5461, 0.7, 0.4998, 0.6455, 0.8892, 0.6117, 0.8522, 0.4921]
duration: 290.29133915901184
epoch 7:
loss: 1.319 || cls: 0.5173
train: acc: 0.8742 || macc: 0.7598 || miou: 0.6613 || iou: [0.8113, 0.9534, 0.5782, 0.7762, 0.8039, 0.7442, 0.6449, 0.5544, 0.5822, 0.6976, 0.377, 0.5035, 0.5625, 0.6985, 0.5835, 0.6835, 0.777, 0.5974, 0.7744, 0.5229]
val:   acc: 0.8958 || macc: 0.7875 || miou: 0.6977 || iou: [0.845, 0.9623, 0.617, 0.7539, 0.8826, 0.7989, 0.7181, 0.6485, 0.5883, 0.787, 0.3336, 0.5653, 0.6385, 0.7338, 0.5541, 0.6702, 0.8865, 0.5775, 0.8359, 0.5575]
duration: 291.40812826156616
new best!
epoch 8:
loss: 1.3139 || cls: 0.5157
train: acc: 0.8769 || macc: 0.7645 || miou: 0.6673 || iou: [0.8151, 0.9533, 0.5881, 0.7906, 0.814, 0.7517, 0.6533, 0.5554, 0.5902, 0.6938, 0.3922, 0.5113, 0.5611, 0.7017, 0.5898, 0.6808, 0.787, 0.5995, 0.7844, 0.5331]
val:   acc: 0.8945 || macc: 0.7518 || miou: 0.666 || iou: [0.8473, 0.9618, 0.5839, 0.7751, 0.895, 0.8188, 0.7194, 0.6441, 0.6357, 0.7939, 0.3077, 0.283, 0.6851, 0.736, 0.2854, 0.5675, 0.8852, 0.5151, 0.8465, 0.5345]
duration: 288.1186170578003
epoch 9:
loss: 1.3128 || cls: 0.5183
train: acc: 0.8773 || macc: 0.7656 || miou: 0.6684 || iou: [0.8149, 0.954, 0.5898, 0.7927, 0.8093, 0.7553, 0.656, 0.5624, 0.5815, 0.6983, 0.3867, 0.4896, 0.5597, 0.6976, 0.5892, 0.7035, 0.7928, 0.5973, 0.7996, 0.5378]
val:   acc: 0.8931 || macc: 0.7777 || miou: 0.6883 || iou: [0.846, 0.9612, 0.5966, 0.7784, 0.8817, 0.8274, 0.6917, 0.6475, 0.6307, 0.7859, 0.2137, 0.6335, 0.5874, 0.7097, 0.5326, 0.6789, 0.904, 0.5614, 0.8273, 0.471]
duration: 290.70201325416565
epoch 10:
loss: 1.306 || cls: 0.5113
train: acc: 0.8803 || macc: 0.7741 || miou: 0.6776 || iou: [0.821, 0.9541, 0.6016, 0.7938, 0.8123, 0.7469, 0.6619, 0.5717, 0.5947, 0.7073, 0.4189, 0.5164, 0.5691, 0.7028, 0.6267, 0.7192, 0.8032, 0.6025, 0.7849, 0.5421]
val:   acc: 0.8924 || macc: 0.7833 || miou: 0.691 || iou: [0.8459, 0.9622, 0.5854, 0.796, 0.8565, 0.7094, 0.714, 0.6542, 0.6019, 0.7959, 0.3118, 0.5692, 0.6488, 0.7685, 0.5484, 0.7198, 0.9031, 0.6127, 0.7085, 0.5069]
duration: 286.16117095947266
epoch 11:
loss: 1.2957 || cls: 0.5039
train: acc: 0.8857 || macc: 0.7808 || miou: 0.6861 || iou: [0.8268, 0.9561, 0.6204, 0.8036, 0.823, 0.764, 0.6731, 0.5878, 0.612, 0.7325, 0.4019, 0.5394, 0.5958, 0.7075, 0.6114, 0.6974, 0.8042, 0.6092, 0.7964, 0.5585]
val:   acc: 0.9 || macc: 0.7978 || miou: 0.704 || iou: [0.8519, 0.9633, 0.6614, 0.8035, 0.9, 0.8045, 0.7172, 0.6385, 0.5961, 0.7621, 0.3545, 0.6599, 0.6176, 0.742, 0.448, 0.6539, 0.9039, 0.6301, 0.8045, 0.5671]
duration: 287.47375082969666
new best!
epoch 12:
loss: 1.29 || cls: 0.5055
train: acc: 0.8877 || macc: 0.7885 || miou: 0.6944 || iou: [0.8276, 0.9561, 0.6194, 0.8105, 0.8286, 0.7608, 0.6811, 0.5904, 0.6117, 0.7291, 0.4342, 0.5423, 0.5967, 0.7275, 0.6357, 0.7165, 0.8117, 0.6222, 0.8049, 0.582]
val:   acc: 0.8976 || macc: 0.7819 || miou: 0.6975 || iou: [0.8489, 0.9628, 0.6397, 0.7526, 0.902, 0.821, 0.6989, 0.6332, 0.6295, 0.7819, 0.3383, 0.5537, 0.6352, 0.7194, 0.5004, 0.6563, 0.8933, 0.5905, 0.8693, 0.5221]
duration: 287.663161277771
epoch 13:
loss: 1.2827 || cls: 0.5037
train: acc: 0.8907 || macc: 0.7944 || miou: 0.7012 || iou: [0.834, 0.9572, 0.6289, 0.8126, 0.8279, 0.7694, 0.6883, 0.5949, 0.6292, 0.7424, 0.4497, 0.5498, 0.5984, 0.7355, 0.6503, 0.7225, 0.8224, 0.6161, 0.8101, 0.5852]
val:   acc: 0.9018 || macc: 0.8026 || miou: 0.7203 || iou: [0.8474, 0.9637, 0.6612, 0.8077, 0.8961, 0.8106, 0.7394, 0.6556, 0.5926, 0.7853, 0.3266, 0.6571, 0.6393, 0.7615, 0.6033, 0.7429, 0.9164, 0.6324, 0.8169, 0.5509]
duration: 287.66347789764404
new best!
epoch 14:
loss: 1.2778 || cls: 0.5069
train: acc: 0.8931 || macc: 0.8 || miou: 0.7084 || iou: [0.8356, 0.9576, 0.6432, 0.8247, 0.8312, 0.7818, 0.689, 0.6068, 0.6223, 0.7608, 0.4396, 0.5552, 0.6115, 0.7429, 0.6607, 0.742, 0.828, 0.6309, 0.8107, 0.5943]
val:   acc: 0.9 || macc: 0.8066 || miou: 0.7114 || iou: [0.8546, 0.964, 0.6077, 0.7707, 0.907, 0.7909, 0.7234, 0.6982, 0.5958, 0.7634, 0.2553, 0.6344, 0.6361, 0.7518, 0.6427, 0.741, 0.9079, 0.6283, 0.8521, 0.502]
duration: 286.17589020729065
epoch 15:
loss: 1.2741 || cls: 0.5044
train: acc: 0.8948 || macc: 0.8019 || miou: 0.7098 || iou: [0.8385, 0.9576, 0.6453, 0.8219, 0.8381, 0.7802, 0.697, 0.6056, 0.638, 0.7457, 0.439, 0.5582, 0.6159, 0.7416, 0.6631, 0.7364, 0.8248, 0.6331, 0.8119, 0.6044]
val:   acc: 0.8966 || macc: 0.8084 || miou: 0.7034 || iou: [0.8573, 0.963, 0.6605, 0.7628, 0.8952, 0.7713, 0.6086, 0.6547, 0.6354, 0.8089, 0.3459, 0.6833, 0.5366, 0.7439, 0.5594, 0.6526, 0.9117, 0.6455, 0.8505, 0.5209]
duration: 284.4964168071747
epoch 16:
loss: 1.2701 || cls: 0.5099
train: acc: 0.8968 || macc: 0.8059 || miou: 0.7149 || iou: [0.8398, 0.9584, 0.655, 0.8293, 0.8413, 0.7854, 0.7012, 0.6171, 0.6375, 0.7639, 0.4484, 0.5593, 0.6231, 0.7361, 0.6738, 0.7278, 0.8224, 0.6351, 0.8296, 0.6139]
val:   acc: 0.9053 || macc: 0.7956 || miou: 0.7148 || iou: [0.8693, 0.9628, 0.6596, 0.8287, 0.8985, 0.8337, 0.7037, 0.6789, 0.6524, 0.8089, 0.3006, 0.6715, 0.4692, 0.75, 0.6014, 0.6666, 0.9217, 0.607, 0.842, 0.5703]
duration: 286.92508697509766
epoch 17:
loss: 1.2677 || cls: 0.5189
train: acc: 0.898 || macc: 0.8088 || miou: 0.7183 || iou: [0.8413, 0.958, 0.6575, 0.8248, 0.8461, 0.7877, 0.709, 0.6227, 0.6424, 0.7503, 0.4488, 0.5771, 0.6251, 0.7481, 0.6835, 0.7493, 0.8286, 0.6379, 0.8083, 0.62]
val:   acc: 0.9022 || macc: 0.8036 || miou: 0.7164 || iou: [0.855, 0.9653, 0.6226, 0.8119, 0.8999, 0.8255, 0.7283, 0.6697, 0.669, 0.7486, 0.3713, 0.6806, 0.5805, 0.7724, 0.5952, 0.6479, 0.8964, 0.6007, 0.862, 0.5246]
duration: 283.9588270187378
epoch 18:
loss: 1.2646 || cls: 0.5204
train: acc: 0.8991 || macc: 0.8104 || miou: 0.7204 || iou: [0.8435, 0.9586, 0.6628, 0.8246, 0.8407, 0.7871, 0.7126, 0.6274, 0.6549, 0.7616, 0.443, 0.5744, 0.6203, 0.7472, 0.6818, 0.7339, 0.8292, 0.6489, 0.8327, 0.6223]
val:   acc: 0.9035 || macc: 0.8019 || miou: 0.7144 || iou: [0.8675, 0.9616, 0.6776, 0.8143, 0.8973, 0.8387, 0.6639, 0.6635, 0.6404, 0.7989, 0.343, 0.6721, 0.6426, 0.7429, 0.5428, 0.6506, 0.9152, 0.5351, 0.879, 0.5404]
duration: 285.0062062740326
epoch 19:
loss: 1.2604 || cls: 0.5307
train: acc: 0.9011 || macc: 0.8159 || miou: 0.7273 || iou: [0.8455, 0.958, 0.6662, 0.8349, 0.845, 0.7986, 0.7139, 0.629, 0.6584, 0.7577, 0.4747, 0.5794, 0.6373, 0.7688, 0.6876, 0.7616, 0.8311, 0.6405, 0.8257, 0.632]
val:   acc: 0.9006 || macc: 0.8116 || miou: 0.7224 || iou: [0.8418, 0.963, 0.6411, 0.8166, 0.9067, 0.8239, 0.7043, 0.6631, 0.6581, 0.7637, 0.3618, 0.6847, 0.5945, 0.7752, 0.6399, 0.7332, 0.9006, 0.6082, 0.8477, 0.5194]
duration: 285.4376492500305
new best!
epoch 20:
loss: 1.2536 || cls: 0.5217
train: acc: 0.9042 || macc: 0.8194 || miou: 0.7326 || iou: [0.8504, 0.959, 0.6743, 0.842, 0.8501, 0.8067, 0.7125, 0.646, 0.6659, 0.7711, 0.4841, 0.5791, 0.6361, 0.7691, 0.6833, 0.7618, 0.8389, 0.6412, 0.8323, 0.6473]
val:   acc: 0.9057 || macc: 0.7937 || miou: 0.7161 || iou: [0.8545, 0.9642, 0.6458, 0.8093, 0.9037, 0.8286, 0.7404, 0.6662, 0.63, 0.7985, 0.3428, 0.6714, 0.6786, 0.7497, 0.5627, 0.4833, 0.9183, 0.649, 0.8364, 0.5881]
duration: 284.7290642261505
epoch 21:
loss: 1.2535 || cls: 0.5283
train: acc: 0.9043 || macc: 0.8204 || miou: 0.7331 || iou: [0.8505, 0.96, 0.6778, 0.8415, 0.8514, 0.8061, 0.7168, 0.6492, 0.6619, 0.7722, 0.4625, 0.5907, 0.631, 0.7543, 0.7032, 0.7537, 0.8435, 0.6595, 0.8381, 0.6374]
val:   acc: 0.9078 || macc: 0.8084 || miou: 0.7236 || iou: [0.8605, 0.9638, 0.6739, 0.7907, 0.9185, 0.85, 0.7429, 0.6496, 0.6531, 0.7934, 0.2241, 0.6967, 0.6553, 0.7402, 0.5437, 0.673, 0.932, 0.6417, 0.8665, 0.6025]
duration: 283.3123435974121
new best!
epoch 22:
loss: 1.2492 || cls: 0.5416
train: acc: 0.9062 || macc: 0.8264 || miou: 0.7398 || iou: [0.8521, 0.9601, 0.6848, 0.8444, 0.8527, 0.8124, 0.7303, 0.6462, 0.6697, 0.7796, 0.4958, 0.5994, 0.6538, 0.7707, 0.6838, 0.7639, 0.8448, 0.6572, 0.8412, 0.6529]
val:   acc: 0.9039 || macc: 0.8092 || miou: 0.721 || iou: [0.8539, 0.9641, 0.6651, 0.7854, 0.884, 0.7499, 0.7624, 0.697, 0.5864, 0.8081, 0.3625, 0.6566, 0.6745, 0.7595, 0.5387, 0.723, 0.9189, 0.63, 0.8509, 0.5495]
duration: 284.87122440338135
epoch 23:
loss: 1.2483 || cls: 0.5486
train: acc: 0.9067 || macc: 0.8264 || miou: 0.7398 || iou: [0.8535, 0.9599, 0.6853, 0.8456, 0.8532, 0.8065, 0.7249, 0.6456, 0.6628, 0.793, 0.5083, 0.5834, 0.6472, 0.7607, 0.7087, 0.778, 0.845, 0.6423, 0.8379, 0.6551]
val:   acc: 0.9061 || macc: 0.8133 || miou: 0.7295 || iou: [0.8565, 0.9621, 0.647, 0.8099, 0.8995, 0.8057, 0.7417, 0.6851, 0.6277, 0.8109, 0.304, 0.6886, 0.6422, 0.7525, 0.6662, 0.6725, 0.9059, 0.6652, 0.8759, 0.5715]
duration: 279.7751338481903
new best!
epoch 24:
loss: 1.2471 || cls: 0.5548
train: acc: 0.9067 || macc: 0.8254 || miou: 0.7394 || iou: [0.8543, 0.9602, 0.6801, 0.8397, 0.8517, 0.7996, 0.7234, 0.6526, 0.6763, 0.7854, 0.4807, 0.5912, 0.6512, 0.7653, 0.7056, 0.7599, 0.8394, 0.6655, 0.8508, 0.6544]
val:   acc: 0.91 || macc: 0.8132 || miou: 0.7365 || iou: [0.8671, 0.9634, 0.6604, 0.8108, 0.907, 0.8146, 0.7546, 0.6472, 0.6649, 0.8019, 0.3343, 0.6867, 0.6837, 0.7775, 0.5936, 0.7141, 0.9445, 0.6274, 0.8862, 0.5906]
duration: 282.9237427711487
new best!
epoch 25:
loss: 1.2419 || cls: 0.5584
train: acc: 0.9092 || macc: 0.8316 || miou: 0.7461 || iou: [0.8579, 0.9604, 0.699, 0.8518, 0.8559, 0.8136, 0.7247, 0.6614, 0.6732, 0.7902, 0.5046, 0.6068, 0.651, 0.7754, 0.7051, 0.7812, 0.8458, 0.6648, 0.844, 0.6555]
val:   acc: 0.9014 || macc: 0.8117 || miou: 0.7214 || iou: [0.8587, 0.9635, 0.6361, 0.8088, 0.8828, 0.7362, 0.7466, 0.6794, 0.6267, 0.8089, 0.369, 0.675, 0.6558, 0.695, 0.5757, 0.7393, 0.9276, 0.6461, 0.8697, 0.5279]
duration: 279.95538806915283
epoch 26:
loss: 1.2379 || cls: 0.562
train: acc: 0.9112 || macc: 0.8341 || miou: 0.7502 || iou: [0.8595, 0.961, 0.7, 0.8517, 0.8634, 0.818, 0.7399, 0.6612, 0.6795, 0.7918, 0.5069, 0.6112, 0.661, 0.7823, 0.7089, 0.7767, 0.8484, 0.6669, 0.8465, 0.6698]
val:   acc: 0.9056 || macc: 0.8118 || miou: 0.724 || iou: [0.8599, 0.9635, 0.648, 0.8063, 0.9032, 0.8185, 0.7127, 0.6689, 0.6592, 0.8125, 0.3727, 0.6961, 0.6405, 0.7625, 0.5436, 0.6179, 0.9278, 0.6552, 0.8461, 0.5645]
duration: 279.8456029891968
epoch 27:
loss: 1.2397 || cls: 0.5703
train: acc: 0.9103 || macc: 0.8341 || miou: 0.7494 || iou: [0.8579, 0.9605, 0.6969, 0.8497, 0.8576, 0.8121, 0.735, 0.6606, 0.6821, 0.8044, 0.5195, 0.608, 0.6622, 0.7831, 0.7183, 0.7603, 0.8508, 0.6623, 0.8394, 0.667]
val:   acc: 0.9042 || macc: 0.8108 || miou: 0.717 || iou: [0.8625, 0.9603, 0.6496, 0.7695, 0.9084, 0.7841, 0.7429, 0.6587, 0.6398, 0.8137, 0.3651, 0.5746, 0.6615, 0.7123, 0.6093, 0.6545, 0.9299, 0.6525, 0.8282, 0.5627]
duration: 278.838858127594
epoch 28:
loss: 1.2378 || cls: 0.5844
train: acc: 0.9112 || macc: 0.8347 || miou: 0.7509 || iou: [0.8589, 0.9607, 0.6992, 0.8545, 0.8626, 0.8298, 0.7371, 0.6632, 0.6847, 0.7899, 0.4821, 0.6164, 0.6595, 0.7822, 0.7175, 0.78, 0.8537, 0.6693, 0.8466, 0.6695]
val:   acc: 0.9048 || macc: 0.8122 || miou: 0.7274 || iou: [0.8558, 0.9639, 0.6513, 0.8073, 0.8997, 0.8055, 0.7067, 0.6657, 0.6278, 0.8143, 0.3715, 0.6692, 0.6176, 0.7316, 0.6551, 0.7202, 0.9009, 0.6195, 0.8542, 0.6095]
duration: 279.7989430427551
epoch 29:
loss: 1.2336 || cls: 0.5887
train: acc: 0.9131 || macc: 0.8379 || miou: 0.7552 || iou: [0.8619, 0.9614, 0.7069, 0.8607, 0.8619, 0.8265, 0.7383, 0.6692, 0.6847, 0.7999, 0.5056, 0.6141, 0.6663, 0.784, 0.7231, 0.7717, 0.858, 0.6685, 0.8568, 0.6851]
val:   acc: 0.9009 || macc: 0.8039 || miou: 0.7184 || iou: [0.845, 0.9645, 0.6552, 0.8025, 0.8956, 0.7775, 0.733, 0.5687, 0.6574, 0.7938, 0.3406, 0.6474, 0.6589, 0.7356, 0.5761, 0.6683, 0.9162, 0.6661, 0.8714, 0.5951]
duration: 281.91090989112854
epoch 30:
loss: 1.2325 || cls: 0.5927
train: acc: 0.9134 || macc: 0.8396 || miou: 0.7571 || iou: [0.8629, 0.9613, 0.7099, 0.8577, 0.861, 0.822, 0.74, 0.6707, 0.6812, 0.8109, 0.5095, 0.6321, 0.6751, 0.7843, 0.7167, 0.7814, 0.8598, 0.6754, 0.8499, 0.6803]
val:   acc: 0.9046 || macc: 0.8039 || miou: 0.7186 || iou: [0.8646, 0.9611, 0.6366, 0.7955, 0.9018, 0.8167, 0.7231, 0.6551, 0.6511, 0.8223, 0.332, 0.6786, 0.635, 0.741, 0.5502, 0.6244, 0.9282, 0.6414, 0.8582, 0.5557]
duration: 279.63284373283386
epoch 31:
loss: 1.2263 || cls: 0.5964
train: acc: 0.9166 || macc: 0.8442 || miou: 0.7629 || iou: [0.8669, 0.9626, 0.7211, 0.8631, 0.8668, 0.8288, 0.7546, 0.678, 0.6904, 0.8064, 0.5169, 0.6262, 0.6847, 0.7992, 0.7341, 0.7725, 0.8559, 0.6783, 0.8587, 0.692]
val:   acc: 0.9104 || macc: 0.8171 || miou: 0.7324 || iou: [0.8719, 0.963, 0.6597, 0.803, 0.9044, 0.8522, 0.7523, 0.6739, 0.6593, 0.7913, 0.3553, 0.6499, 0.6511, 0.783, 0.5638, 0.6923, 0.9251, 0.639, 0.8559, 0.6014]
duration: 278.25421357154846
epoch 32:
loss: 1.2288 || cls: 0.6165
train: acc: 0.9152 || macc: 0.8443 || miou: 0.7621 || iou: [0.8659, 0.9617, 0.7132, 0.8601, 0.8655, 0.8242, 0.7487, 0.6802, 0.688, 0.8102, 0.5329, 0.6284, 0.6779, 0.7905, 0.7345, 0.7918, 0.8581, 0.6705, 0.8579, 0.6811]
val:   acc: 0.9092 || macc: 0.8138 || miou: 0.727 || iou: [0.8673, 0.9642, 0.6421, 0.797, 0.9119, 0.8115, 0.7654, 0.6706, 0.6263, 0.7953, 0.3532, 0.655, 0.681, 0.766, 0.4917, 0.6913, 0.9123, 0.6484, 0.8698, 0.6201]
duration: 275.6892864704132
epoch 33:
loss: 1.2261 || cls: 0.6189
train: acc: 0.9162 || macc: 0.845 || miou: 0.7637 || iou: [0.8665, 0.9617, 0.7157, 0.8572, 0.8676, 0.8216, 0.7514, 0.6854, 0.6966, 0.82, 0.5359, 0.6281, 0.6734, 0.793, 0.737, 0.7798, 0.8577, 0.6808, 0.8502, 0.6935]
val:   acc: 0.9056 || macc: 0.813 || miou: 0.7198 || iou: [0.8741, 0.9636, 0.6361, 0.7899, 0.8656, 0.6903, 0.7254, 0.6886, 0.6598, 0.8129, 0.3267, 0.6983, 0.6488, 0.7774, 0.6074, 0.65, 0.8925, 0.6352, 0.8472, 0.6059]
duration: 275.9586253166199
epoch 34:
loss: 1.2248 || cls: 0.6275
train: acc: 0.9173 || macc: 0.8473 || miou: 0.7666 || iou: [0.8674, 0.9617, 0.7256, 0.8688, 0.8694, 0.8337, 0.7529, 0.6859, 0.7006, 0.8124, 0.524, 0.631, 0.6884, 0.7933, 0.7262, 0.7862, 0.865, 0.686, 0.8584, 0.6948]
val:   acc: 0.9054 || macc: 0.7963 || miou: 0.7169 || iou: [0.8532, 0.9636, 0.664, 0.804, 0.9085, 0.8086, 0.7313, 0.6532, 0.6149, 0.8337, 0.3422, 0.6686, 0.6212, 0.754, 0.5697, 0.5485, 0.9113, 0.6444, 0.8447, 0.5975]
duration: 275.17594838142395
epoch 35:
loss: 1.2186 || cls: 0.6349
train: acc: 0.9197 || macc: 0.8513 || miou: 0.7726 || iou: [0.8709, 0.9629, 0.7272, 0.8717, 0.8709, 0.8367, 0.7608, 0.6886, 0.7128, 0.8163, 0.5303, 0.6282, 0.6982, 0.7915, 0.759, 0.8027, 0.8672, 0.6841, 0.8614, 0.7103]
val:   acc: 0.9118 || macc: 0.8183 || miou: 0.7378 || iou: [0.8718, 0.9544, 0.6891, 0.8287, 0.9095, 0.8146, 0.74, 0.6682, 0.6756, 0.8211, 0.3819, 0.6965, 0.6323, 0.7647, 0.5852, 0.6681, 0.9173, 0.6345, 0.8648, 0.6382]
duration: 275.6336305141449
new best!
epoch 36:
loss: 1.2168 || cls: 0.636
train: acc: 0.9208 || macc: 0.853 || miou: 0.7749 || iou: [0.8727, 0.9627, 0.7303, 0.8675, 0.872, 0.8385, 0.7602, 0.6974, 0.7178, 0.8326, 0.5468, 0.6299, 0.697, 0.8204, 0.747, 0.8033, 0.8643, 0.6797, 0.8519, 0.7066]
val:   acc: 0.9033 || macc: 0.803 || miou: 0.7117 || iou: [0.8605, 0.965, 0.6623, 0.7376, 0.8997, 0.789, 0.7477, 0.6911, 0.6391, 0.7864, 0.3856, 0.63, 0.6417, 0.7324, 0.4718, 0.6314, 0.9353, 0.6722, 0.85, 0.5047]
duration: 274.7808647155762
epoch 37:
loss: 1.2137 || cls: 0.6476
train: acc: 0.922 || macc: 0.8556 || miou: 0.7781 || iou: [0.8742, 0.9633, 0.7315, 0.8743, 0.8779, 0.8399, 0.7695, 0.6955, 0.7179, 0.8302, 0.5301, 0.6653, 0.6928, 0.8082, 0.7619, 0.7904, 0.8707, 0.6966, 0.8618, 0.7108]
val:   acc: 0.9111 || macc: 0.8158 || miou: 0.7382 || iou: [0.8677, 0.9653, 0.6764, 0.8065, 0.9037, 0.8252, 0.7693, 0.662, 0.6415, 0.8062, 0.3315, 0.6766, 0.7014, 0.7209, 0.6727, 0.7011, 0.9221, 0.6388, 0.8776, 0.5976]
duration: 274.0805902481079
new best!
epoch 38:
loss: 1.2138 || cls: 0.6613
train: acc: 0.922 || macc: 0.8562 || miou: 0.7777 || iou: [0.875, 0.9629, 0.7348, 0.8731, 0.8737, 0.8407, 0.766, 0.7013, 0.7228, 0.8181, 0.5714, 0.6356, 0.7005, 0.8064, 0.7496, 0.7982, 0.871, 0.682, 0.8597, 0.712]
val:   acc: 0.9142 || macc: 0.8252 || miou: 0.7448 || iou: [0.8777, 0.9659, 0.6802, 0.8175, 0.916, 0.8339, 0.769, 0.6966, 0.6758, 0.8144, 0.3579, 0.6861, 0.698, 0.7904, 0.5547, 0.7375, 0.9468, 0.6293, 0.8792, 0.5691]
duration: 271.26107382774353
new best!
epoch 39:
loss: 1.2102 || cls: 0.6678
train: acc: 0.9234 || macc: 0.8585 || miou: 0.7813 || iou: [0.876, 0.9637, 0.7484, 0.8734, 0.881, 0.8453, 0.7663, 0.7034, 0.7167, 0.8273, 0.5411, 0.6643, 0.7007, 0.7993, 0.7495, 0.8123, 0.8723, 0.6938, 0.8691, 0.7213]
val:   acc: 0.91 || macc: 0.8185 || miou: 0.7423 || iou: [0.8648, 0.9558, 0.6837, 0.7973, 0.9026, 0.8073, 0.7454, 0.6929, 0.6594, 0.8331, 0.3064, 0.6586, 0.6816, 0.7813, 0.6987, 0.7542, 0.9305, 0.6547, 0.8743, 0.564]
duration: 274.9346013069153
epoch 40:
loss: 1.2074 || cls: 0.6745
train: acc: 0.9248 || macc: 0.8628 || miou: 0.7873 || iou: [0.8772, 0.964, 0.7408, 0.8815, 0.8824, 0.8542, 0.7744, 0.7117, 0.7248, 0.831, 0.567, 0.6568, 0.7077, 0.8124, 0.7644, 0.8128, 0.881, 0.7029, 0.8752, 0.7246]
val:   acc: 0.9142 || macc: 0.8232 || miou: 0.7436 || iou: [0.8748, 0.9642, 0.6848, 0.8046, 0.9104, 0.8295, 0.7496, 0.6739, 0.691, 0.8308, 0.3342, 0.7009, 0.698, 0.775, 0.5791, 0.7233, 0.9361, 0.629, 0.8738, 0.6086]
duration: 270.0867726802826
epoch 41:
loss: 1.2082 || cls: 0.6924
train: acc: 0.9245 || macc: 0.8622 || miou: 0.7861 || iou: [0.8773, 0.9639, 0.7461, 0.8724, 0.8784, 0.8433, 0.7744, 0.7072, 0.7295, 0.8431, 0.5582, 0.6693, 0.7085, 0.8162, 0.7487, 0.8164, 0.8806, 0.7012, 0.872, 0.7157]
val:   acc: 0.9056 || macc: 0.8006 || miou: 0.7197 || iou: [0.8608, 0.9586, 0.6968, 0.7735, 0.9063, 0.7935, 0.7119, 0.6625, 0.6158, 0.8068, 0.2657, 0.6974, 0.6477, 0.7289, 0.5955, 0.6565, 0.9042, 0.6297, 0.8768, 0.6046]
duration: 273.38960313796997
epoch 42:
loss: 1.2048 || cls: 0.692
train: acc: 0.9256 || macc: 0.8649 || miou: 0.7895 || iou: [0.8789, 0.9636, 0.7508, 0.8839, 0.8822, 0.854, 0.7738, 0.7115, 0.7282, 0.84, 0.5703, 0.6688, 0.7088, 0.818, 0.7709, 0.8133, 0.8753, 0.699, 0.8708, 0.7282]
val:   acc: 0.9089 || macc: 0.8303 || miou: 0.7303 || iou: [0.8677, 0.9628, 0.6454, 0.8035, 0.9154, 0.8591, 0.746, 0.6836, 0.6522, 0.7976, 0.3753, 0.6932, 0.6322, 0.7734, 0.5853, 0.7496, 0.7532, 0.6717, 0.8599, 0.5794]
duration: 271.04055976867676
epoch 43:
loss: 1.2038 || cls: 0.71
train: acc: 0.9264 || macc: 0.8651 || miou: 0.7898 || iou: [0.8811, 0.9634, 0.7564, 0.8781, 0.8801, 0.8495, 0.7763, 0.7175, 0.727, 0.8407, 0.5678, 0.6671, 0.7074, 0.8227, 0.7662, 0.8156, 0.8761, 0.698, 0.8708, 0.7335]
val:   acc: 0.9076 || macc: 0.8208 || miou: 0.7343 || iou: [0.8616, 0.9662, 0.6669, 0.7963, 0.9091, 0.8319, 0.7239, 0.682, 0.6883, 0.7668, 0.3553, 0.686, 0.6504, 0.7939, 0.5982, 0.7293, 0.9401, 0.6359, 0.847, 0.5564]
duration: 272.5249321460724
epoch 44:
loss: 1.201 || cls: 0.7114
train: acc: 0.9276 || macc: 0.8671 || miou: 0.7923 || iou: [0.8832, 0.9648, 0.7532, 0.8793, 0.8846, 0.8534, 0.78, 0.7162, 0.74, 0.8259, 0.5801, 0.6697, 0.7188, 0.8123, 0.7764, 0.799, 0.8868, 0.7057, 0.8793, 0.7367]
val:   acc: 0.9105 || macc: 0.807 || miou: 0.7273 || iou: [0.8708, 0.9645, 0.6895, 0.8101, 0.9108, 0.8204, 0.7301, 0.6909, 0.6731, 0.8089, 0.328, 0.6908, 0.6718, 0.736, 0.5852, 0.572, 0.9332, 0.6346, 0.866, 0.5596]
duration: 270.39076256752014
epoch 45:
loss: 1.1974 || cls: 0.7161
train: acc: 0.9295 || macc: 0.8692 || miou: 0.7959 || iou: [0.8857, 0.9644, 0.7641, 0.886, 0.8855, 0.8561, 0.7835, 0.7264, 0.7394, 0.8527, 0.5761, 0.6735, 0.726, 0.8175, 0.7764, 0.8064, 0.8745, 0.7009, 0.8713, 0.7518]
val:   acc: 0.9075 || macc: 0.8195 || miou: 0.7309 || iou: [0.8736, 0.9659, 0.6498, 0.8052, 0.8815, 0.7316, 0.7147, 0.68, 0.6857, 0.824, 0.3532, 0.702, 0.6052, 0.7416, 0.6207, 0.7409, 0.9143, 0.6677, 0.8651, 0.5954]
duration: 271.69271302223206
epoch 46:
loss: 1.1963 || cls: 0.7209
train: acc: 0.9298 || macc: 0.8712 || miou: 0.7987 || iou: [0.8852, 0.9646, 0.7652, 0.8902, 0.8844, 0.856, 0.7902, 0.7271, 0.7412, 0.8524, 0.5894, 0.6736, 0.7267, 0.8354, 0.7841, 0.8246, 0.8766, 0.6957, 0.869, 0.7428]
val:   acc: 0.905 || macc: 0.8051 || miou: 0.7186 || iou: [0.8698, 0.9634, 0.6664, 0.7814, 0.886, 0.7238, 0.7041, 0.6565, 0.6712, 0.7995, 0.3251, 0.6775, 0.6332, 0.7257, 0.6569, 0.5711, 0.9425, 0.6591, 0.8872, 0.5719]
duration: 270.18293619155884
epoch 47:
loss: 1.1959 || cls: 0.7362
train: acc: 0.93 || macc: 0.872 || miou: 0.7989 || iou: [0.8873, 0.9642, 0.7697, 0.8829, 0.8871, 0.8539, 0.7834, 0.7307, 0.7477, 0.8447, 0.5854, 0.681, 0.7308, 0.823, 0.7885, 0.8137, 0.8771, 0.706, 0.8761, 0.745]
val:   acc: 0.9112 || macc: 0.8155 || miou: 0.7358 || iou: [0.8697, 0.9636, 0.6745, 0.8128, 0.9122, 0.8299, 0.7517, 0.6956, 0.6823, 0.7982, 0.3479, 0.7099, 0.6521, 0.7178, 0.6436, 0.6196, 0.9332, 0.656, 0.8842, 0.5605]
duration: 269.56684398651123
epoch 48:
loss: 1.1907 || cls: 0.7463
train: acc: 0.932 || macc: 0.8767 || miou: 0.8048 || iou: [0.8894, 0.9653, 0.7745, 0.8909, 0.8855, 0.8573, 0.7904, 0.74, 0.7502, 0.8455, 0.593, 0.6937, 0.7314, 0.8336, 0.7801, 0.8249, 0.8886, 0.7175, 0.888, 0.7558]
val:   acc: 0.9117 || macc: 0.7981 || miou: 0.7225 || iou: [0.8675, 0.9641, 0.6751, 0.8182, 0.9132, 0.8019, 0.7703, 0.7033, 0.6641, 0.8287, 0.3311, 0.5412, 0.6969, 0.7334, 0.4682, 0.5845, 0.9484, 0.6616, 0.8948, 0.5835]
duration: 272.0499470233917
epoch 49:
loss: 1.1873 || cls: 0.746
train: acc: 0.9339 || macc: 0.8791 || miou: 0.809 || iou: [0.8911, 0.9657, 0.775, 0.8867, 0.8941, 0.8682, 0.7996, 0.7398, 0.759, 0.8654, 0.6026, 0.6966, 0.7414, 0.8394, 0.782, 0.8382, 0.8862, 0.718, 0.869, 0.7628]
val:   acc: 0.9166 || macc: 0.834 || miou: 0.7517 || iou: [0.8761, 0.9649, 0.7, 0.803, 0.901, 0.7788, 0.7639, 0.7107, 0.7074, 0.8139, 0.3228, 0.6832, 0.7037, 0.7774, 0.6908, 0.7273, 0.9253, 0.6673, 0.8979, 0.6195]
duration: 266.5099821090698
new best!
epoch 50:
loss: 1.1875 || cls: 0.7585
train: acc: 0.9336 || macc: 0.8774 || miou: 0.8066 || iou: [0.891, 0.9655, 0.7748, 0.8892, 0.8943, 0.8745, 0.7984, 0.7379, 0.7596, 0.8487, 0.5852, 0.6921, 0.7402, 0.8338, 0.7982, 0.809, 0.8841, 0.7143, 0.8814, 0.76]
val:   acc: 0.9129 || macc: 0.8257 || miou: 0.7409 || iou: [0.874, 0.9659, 0.6923, 0.7883, 0.9167, 0.8216, 0.7491, 0.6804, 0.6926, 0.8129, 0.3149, 0.7181, 0.6571, 0.7771, 0.6448, 0.6848, 0.9351, 0.6635, 0.8821, 0.5462]
duration: 265.93879079818726
epoch 51:
loss: 1.1853 || cls: 0.7685
train: acc: 0.9349 || macc: 0.8807 || miou: 0.812 || iou: [0.892, 0.9657, 0.7857, 0.8944, 0.896, 0.8774, 0.8021, 0.7447, 0.7542, 0.8645, 0.6083, 0.6948, 0.7388, 0.8379, 0.7977, 0.8385, 0.8881, 0.7116, 0.8819, 0.7659]
val:   acc: 0.9141 || macc: 0.8194 || miou: 0.7458 || iou: [0.8643, 0.9651, 0.6947, 0.8073, 0.908, 0.8618, 0.7414, 0.7202, 0.7027, 0.8289, 0.2909, 0.6947, 0.6858, 0.7605, 0.6696, 0.665, 0.9442, 0.6628, 0.8607, 0.5884]
duration: 267.29160380363464
epoch 52:
loss: 1.1807 || cls: 0.7777
train: acc: 0.9367 || macc: 0.8835 || miou: 0.8152 || iou: [0.8963, 0.9661, 0.7954, 0.8991, 0.8962, 0.8719, 0.8063, 0.7534, 0.7575, 0.8627, 0.6051, 0.6944, 0.7517, 0.8459, 0.8024, 0.8381, 0.8896, 0.7206, 0.8801, 0.772]
val:   acc: 0.9101 || macc: 0.7906 || miou: 0.7212 || iou: [0.8595, 0.964, 0.6857, 0.8011, 0.9057, 0.8309, 0.7491, 0.6912, 0.6626, 0.8266, 0.331, 0.5869, 0.6972, 0.7168, 0.5053, 0.6041, 0.9105, 0.6273, 0.8745, 0.5939]
duration: 264.85227966308594
epoch 53:
loss: 1.1796 || cls: 0.7827
train: acc: 0.9373 || macc: 0.8858 || miou: 0.8181 || iou: [0.8968, 0.966, 0.7917, 0.897, 0.8977, 0.8722, 0.81, 0.7535, 0.7711, 0.8671, 0.6099, 0.7054, 0.7587, 0.8492, 0.8029, 0.8471, 0.8887, 0.7166, 0.8857, 0.7751]
val:   acc: 0.9141 || macc: 0.8304 || miou: 0.7473 || iou: [0.8661, 0.9655, 0.7059, 0.8074, 0.9085, 0.8186, 0.7639, 0.6987, 0.6544, 0.8287, 0.3853, 0.6954, 0.6927, 0.755, 0.6702, 0.6349, 0.9306, 0.6764, 0.8969, 0.5914]
duration: 266.5911717414856
epoch 54:
loss: 1.178 || cls: 0.7966
train: acc: 0.9377 || macc: 0.8857 || miou: 0.8182 || iou: [0.8974, 0.9662, 0.7972, 0.8968, 0.8998, 0.8769, 0.8047, 0.7605, 0.7563, 0.8738, 0.6121, 0.7028, 0.7569, 0.8418, 0.8054, 0.8367, 0.8957, 0.7155, 0.8894, 0.7788]
val:   acc: 0.9086 || macc: 0.8095 || miou: 0.7245 || iou: [0.8673, 0.9634, 0.6663, 0.7928, 0.9113, 0.8016, 0.7367, 0.6423, 0.6618, 0.7875, 0.3866, 0.6827, 0.6838, 0.73, 0.5205, 0.5975, 0.9113, 0.671, 0.8786, 0.597]
duration: 268.34306502342224
epoch 55:
loss: 1.1756 || cls: 0.7985
train: acc: 0.9391 || macc: 0.8905 || miou: 0.8245 || iou: [0.8993, 0.9662, 0.7959, 0.906, 0.8974, 0.8781, 0.8127, 0.7645, 0.7803, 0.8694, 0.6387, 0.7097, 0.7649, 0.8521, 0.8071, 0.8482, 0.8981, 0.7313, 0.8891, 0.7801]
val:   acc: 0.917 || macc: 0.8208 || miou: 0.7454 || iou: [0.8732, 0.9638, 0.7132, 0.7946, 0.914, 0.8025, 0.7578, 0.7089, 0.7162, 0.8275, 0.3712, 0.7011, 0.6629, 0.7732, 0.6103, 0.5998, 0.9384, 0.6655, 0.8776, 0.637]
duration: 264.16072034835815
epoch 56:
loss: 1.1733 || cls: 0.8107
train: acc: 0.9401 || macc: 0.8916 || miou: 0.8264 || iou: [0.9008, 0.9667, 0.8066, 0.9026, 0.9036, 0.8819, 0.8143, 0.7627, 0.7753, 0.8739, 0.629, 0.7184, 0.7659, 0.8458, 0.8206, 0.8556, 0.8959, 0.7247, 0.8956, 0.7879]
val:   acc: 0.9179 || macc: 0.8205 || miou: 0.7455 || iou: [0.8785, 0.9655, 0.7015, 0.8012, 0.9009, 0.8211, 0.7674, 0.7062, 0.7224, 0.821, 0.2597, 0.6583, 0.6879, 0.8001, 0.6216, 0.6726, 0.9377, 0.6696, 0.8804, 0.6357]
duration: 264.98564982414246
epoch 57:
loss: 1.1693 || cls: 0.8129
train: acc: 0.942 || macc: 0.8935 || miou: 0.8298 || iou: [0.9031, 0.967, 0.8139, 0.9049, 0.9021, 0.8858, 0.824, 0.7703, 0.789, 0.8808, 0.6145, 0.7239, 0.7759, 0.8595, 0.8157, 0.8366, 0.8991, 0.7382, 0.8982, 0.7931]
val:   acc: 0.9171 || macc: 0.8309 || miou: 0.7486 || iou: [0.8808, 0.9658, 0.6795, 0.8009, 0.9174, 0.8084, 0.7705, 0.7035, 0.6743, 0.7736, 0.3746, 0.693, 0.6967, 0.7656, 0.6651, 0.664, 0.9314, 0.6793, 0.8817, 0.6468]
duration: 265.40458941459656
epoch 58:
loss: 1.1682 || cls: 0.819
train: acc: 0.9426 || macc: 0.8964 || miou: 0.8325 || iou: [0.9041, 0.9671, 0.8057, 0.9089, 0.9042, 0.8905, 0.8321, 0.7762, 0.7885, 0.8746, 0.6413, 0.7243, 0.7769, 0.8529, 0.8262, 0.8542, 0.9011, 0.7304, 0.8942, 0.7969]
val:   acc: 0.916 || macc: 0.8354 || miou: 0.7584 || iou: [0.8672, 0.9633, 0.711, 0.8147, 0.9056, 0.8399, 0.7611, 0.7016, 0.6888, 0.8423, 0.3392, 0.6965, 0.6608, 0.7642, 0.7409, 0.7616, 0.9362, 0.6746, 0.878, 0.6207]
duration: 262.1336135864258
new best!
epoch 59:
loss: 1.1658 || cls: 0.8333
train: acc: 0.9434 || macc: 0.8975 || miou: 0.835 || iou: [0.9055, 0.9671, 0.8132, 0.9059, 0.9045, 0.8857, 0.8255, 0.7799, 0.7891, 0.8835, 0.6357, 0.731, 0.7806, 0.8667, 0.8271, 0.8642, 0.9093, 0.735, 0.8925, 0.7977]
val:   acc: 0.9184 || macc: 0.8172 || miou: 0.7434 || iou: [0.8789, 0.9643, 0.673, 0.8148, 0.9168, 0.8377, 0.7867, 0.7474, 0.7345, 0.7994, 0.297, 0.7072, 0.6931, 0.7626, 0.5784, 0.6004, 0.9352, 0.6565, 0.8915, 0.5931]
duration: 262.5917570590973
epoch 60:
loss: 1.1624 || cls: 0.8288
train: acc: 0.9449 || macc: 0.9001 || miou: 0.8388 || iou: [0.9078, 0.9679, 0.8255, 0.9117, 0.9061, 0.8844, 0.8297, 0.7814, 0.7954, 0.8889, 0.6349, 0.7296, 0.7852, 0.8723, 0.8328, 0.8686, 0.9101, 0.7365, 0.9021, 0.8051]
val:   acc: 0.9175 || macc: 0.8239 || miou: 0.7406 || iou: [0.8813, 0.9636, 0.7164, 0.7924, 0.911, 0.8152, 0.7312, 0.7122, 0.688, 0.8352, 0.3248, 0.6843, 0.6802, 0.7478, 0.6668, 0.5477, 0.9276, 0.6608, 0.8802, 0.6453]
duration: 263.03419637680054
epoch 61:
loss: 1.161 || cls: 0.8358
train: acc: 0.9456 || macc: 0.9024 || miou: 0.8417 || iou: [0.9079, 0.9678, 0.824, 0.9161, 0.9084, 0.8943, 0.8363, 0.7813, 0.7962, 0.8944, 0.653, 0.7527, 0.7876, 0.8703, 0.8314, 0.8531, 0.9049, 0.743, 0.9013, 0.809]
val:   acc: 0.9192 || macc: 0.8342 || miou: 0.7499 || iou: [0.8847, 0.9658, 0.7157, 0.808, 0.9077, 0.8038, 0.7676, 0.7227, 0.6952, 0.8228, 0.3691, 0.6978, 0.6925, 0.707, 0.6982, 0.6159, 0.9272, 0.6612, 0.8969, 0.6376]
duration: 259.15319418907166
epoch 62:
loss: 1.1573 || cls: 0.8418
train: acc: 0.9474 || macc: 0.9058 || miou: 0.8466 || iou: [0.9106, 0.9681, 0.8337, 0.9146, 0.9102, 0.8984, 0.8396, 0.7887, 0.8066, 0.8937, 0.6672, 0.7417, 0.7933, 0.8795, 0.8325, 0.8781, 0.9093, 0.7482, 0.9016, 0.8164]
val:   acc: 0.918 || macc: 0.8302 || miou: 0.7525 || iou: [0.8801, 0.9633, 0.7067, 0.8087, 0.9145, 0.8214, 0.7602, 0.6938, 0.7159, 0.8239, 0.4064, 0.5923, 0.691, 0.7889, 0.6715, 0.7101, 0.9403, 0.6747, 0.876, 0.61]
duration: 260.1321234703064
epoch 63:
loss: 1.1558 || cls: 0.838
train: acc: 0.9481 || macc: 0.9061 || miou: 0.8466 || iou: [0.9127, 0.9677, 0.8284, 0.914, 0.913, 0.9029, 0.843, 0.8014, 0.8022, 0.8895, 0.663, 0.7478, 0.8029, 0.8704, 0.8429, 0.8618, 0.9107, 0.7462, 0.8923, 0.8195]
val:   acc: 0.919 || macc: 0.833 || miou: 0.7538 || iou: [0.884, 0.9646, 0.6869, 0.8086, 0.9148, 0.8036, 0.7687, 0.7072, 0.7156, 0.8238, 0.3827, 0.7057, 0.679, 0.7595, 0.6914, 0.6439, 0.9317, 0.6767, 0.8868, 0.6402]
duration: 260.6517713069916
epoch 64:
loss: 1.1551 || cls: 0.8459
train: acc: 0.9482 || macc: 0.9069 || miou: 0.8482 || iou: [0.912, 0.9687, 0.8276, 0.9174, 0.9122, 0.8978, 0.8464, 0.796, 0.8088, 0.8896, 0.6591, 0.7396, 0.8014, 0.8721, 0.8455, 0.8846, 0.9126, 0.7464, 0.9058, 0.8197]
val:   acc: 0.918 || macc: 0.8276 || miou: 0.7497 || iou: [0.8762, 0.9643, 0.6934, 0.7972, 0.9075, 0.8166, 0.7812, 0.726, 0.6763, 0.836, 0.3577, 0.7063, 0.7208, 0.7587, 0.6701, 0.6056, 0.9126, 0.6724, 0.8833, 0.6321]
duration: 266.3025405406952
epoch 65:
loss: 1.1519 || cls: 0.8559
train: acc: 0.9499 || macc: 0.9106 || miou: 0.8532 || iou: [0.9152, 0.9688, 0.8399, 0.9164, 0.9134, 0.8968, 0.85, 0.801, 0.8116, 0.9144, 0.6766, 0.7624, 0.8106, 0.876, 0.8356, 0.8716, 0.9138, 0.7569, 0.905, 0.8288]
val:   acc: 0.9187 || macc: 0.8337 || miou: 0.7493 || iou: [0.887, 0.9648, 0.6855, 0.8058, 0.898, 0.8407, 0.751, 0.7413, 0.7198, 0.8121, 0.3586, 0.6372, 0.6693, 0.7886, 0.6554, 0.6405, 0.9469, 0.675, 0.8933, 0.6156]
duration: 260.0590808391571
epoch 66:
loss: 1.1467 || cls: 0.8523
train: acc: 0.9523 || macc: 0.9142 || miou: 0.8592 || iou: [0.9185, 0.9694, 0.8451, 0.9234, 0.9179, 0.905, 0.8558, 0.8101, 0.819, 0.9146, 0.6904, 0.7533, 0.815, 0.8814, 0.8594, 0.8792, 0.9165, 0.7582, 0.911, 0.8398]
val:   acc: 0.9213 || macc: 0.8316 || miou: 0.7532 || iou: [0.8816, 0.9646, 0.7025, 0.8145, 0.9163, 0.8077, 0.7904, 0.7315, 0.7315, 0.8349, 0.3552, 0.6835, 0.7309, 0.755, 0.624, 0.6349, 0.9375, 0.6561, 0.8736, 0.6369]
duration: 260.81488156318665
epoch 67:
loss: 1.1483 || cls: 0.8781
train: acc: 0.9515 || macc: 0.913 || miou: 0.8572 || iou: [0.9169, 0.9694, 0.8457, 0.9224, 0.9161, 0.9072, 0.8569, 0.8069, 0.8163, 0.9, 0.6703, 0.7691, 0.8138, 0.8844, 0.8483, 0.885, 0.9162, 0.7621, 0.9034, 0.8336]
val:   acc: 0.9212 || macc: 0.8335 || miou: 0.7566 || iou: [0.8861, 0.9662, 0.6933, 0.8092, 0.9148, 0.8314, 0.7782, 0.7083, 0.7236, 0.8281, 0.3962, 0.728, 0.6838, 0.7801, 0.6481, 0.6363, 0.9445, 0.6657, 0.8639, 0.646]
duration: 260.0935719013214
epoch 68:
loss: 1.1436 || cls: 0.8656
train: acc: 0.9536 || macc: 0.9182 || miou: 0.8645 || iou: [0.9202, 0.9699, 0.8534, 0.9251, 0.9195, 0.9071, 0.8603, 0.8183, 0.8235, 0.9115, 0.7014, 0.7734, 0.821, 0.8969, 0.864, 0.8906, 0.9228, 0.7591, 0.9109, 0.8402]
val:   acc: 0.9195 || macc: 0.8292 || miou: 0.7531 || iou: [0.8776, 0.9662, 0.7174, 0.8006, 0.9074, 0.8324, 0.7696, 0.7083, 0.7008, 0.8494, 0.3862, 0.6798, 0.6826, 0.7712, 0.6263, 0.636, 0.9294, 0.6833, 0.8949, 0.6429]
duration: 259.7637016773224
epoch 69:
loss: 1.1416 || cls: 0.8634
train: acc: 0.9545 || macc: 0.9194 || miou: 0.8663 || iou: [0.9221, 0.9701, 0.8564, 0.9273, 0.9209, 0.914, 0.86, 0.8171, 0.8335, 0.9143, 0.7081, 0.7723, 0.8199, 0.8945, 0.8609, 0.8825, 0.921, 0.7681, 0.9172, 0.8456]
val:   acc: 0.9213 || macc: 0.8271 || miou: 0.751 || iou: [0.8882, 0.9647, 0.7089, 0.7993, 0.9254, 0.8037, 0.7673, 0.7213, 0.6984, 0.8383, 0.3918, 0.6036, 0.6959, 0.7823, 0.687, 0.5957, 0.9331, 0.6787, 0.8919, 0.645]
duration: 258.4069895744324
epoch 70:
loss: 1.139 || cls: 0.8733
train: acc: 0.9557 || macc: 0.9205 || miou: 0.8684 || iou: [0.9239, 0.9703, 0.8595, 0.9288, 0.9222, 0.916, 0.8671, 0.8208, 0.8393, 0.9097, 0.694, 0.7829, 0.8334, 0.8959, 0.8634, 0.8853, 0.9258, 0.7654, 0.9141, 0.85]
val:   acc: 0.9211 || macc: 0.8264 || miou: 0.7567 || iou: [0.8755, 0.9656, 0.7061, 0.81, 0.929, 0.8547, 0.7757, 0.7259, 0.7089, 0.8445, 0.3452, 0.6826, 0.6915, 0.7542, 0.6861, 0.6314, 0.935, 0.6767, 0.8863, 0.6483]
duration: 256.48668694496155
epoch 71:
loss: 1.1361 || cls: 0.8647
train: acc: 0.9568 || macc: 0.9234 || miou: 0.8722 || iou: [0.9248, 0.9711, 0.8661, 0.9333, 0.9256, 0.9155, 0.8683, 0.8262, 0.8393, 0.9186, 0.7029, 0.7758, 0.8324, 0.9028, 0.8691, 0.9034, 0.9261, 0.7709, 0.9134, 0.8575]
val:   acc: 0.9204 || macc: 0.8261 || miou: 0.755 || iou: [0.8813, 0.9638, 0.7087, 0.8081, 0.9245, 0.8438, 0.7648, 0.7249, 0.7158, 0.8394, 0.3798, 0.6563, 0.6724, 0.779, 0.6704, 0.6507, 0.9378, 0.656, 0.8946, 0.6281]
duration: 256.9789443016052
epoch 72:
loss: 1.1339 || cls: 0.8677
train: acc: 0.958 || macc: 0.9258 || miou: 0.8758 || iou: [0.9272, 0.971, 0.8705, 0.9301, 0.9263, 0.9131, 0.8784, 0.8325, 0.8461, 0.9164, 0.7194, 0.7886, 0.8442, 0.8973, 0.8672, 0.8948, 0.9263, 0.7796, 0.923, 0.8635]
val:   acc: 0.9182 || macc: 0.8262 || miou: 0.7448 || iou: [0.8854, 0.9646, 0.7156, 0.8075, 0.9104, 0.8177, 0.7436, 0.7229, 0.6915, 0.8516, 0.3373, 0.6974, 0.658, 0.7691, 0.6113, 0.6387, 0.9271, 0.6472, 0.8881, 0.6118]
duration: 256.4394094944
epoch 73:
loss: 1.1312 || cls: 0.8702
train: acc: 0.9592 || macc: 0.9288 || miou: 0.8799 || iou: [0.9293, 0.9711, 0.874, 0.9359, 0.928, 0.9158, 0.8791, 0.8397, 0.8505, 0.9198, 0.7331, 0.7985, 0.8509, 0.9062, 0.8747, 0.9032, 0.9268, 0.7759, 0.9206, 0.8645]
val:   acc: 0.919 || macc: 0.8317 || miou: 0.7574 || iou: [0.8763, 0.9659, 0.7069, 0.8164, 0.9151, 0.8237, 0.7803, 0.71, 0.6893, 0.8444, 0.3435, 0.7034, 0.6848, 0.8027, 0.6853, 0.7014, 0.9236, 0.6752, 0.8983, 0.6005]
duration: 253.05570888519287
epoch 74:
loss: 1.1279 || cls: 0.8593
train: acc: 0.9607 || macc: 0.9308 || miou: 0.8836 || iou: [0.9313, 0.9717, 0.8826, 0.9382, 0.93, 0.9224, 0.8824, 0.8412, 0.858, 0.9284, 0.7371, 0.8044, 0.8466, 0.913, 0.8725, 0.9029, 0.9312, 0.7828, 0.9241, 0.8704]
val:   acc: 0.9229 || macc: 0.8309 || miou: 0.7602 || iou: [0.8849, 0.9659, 0.7205, 0.8221, 0.9174, 0.7948, 0.7761, 0.7377, 0.7175, 0.8323, 0.3046, 0.7118, 0.6958, 0.7835, 0.6874, 0.6865, 0.9513, 0.6796, 0.8833, 0.6517]
duration: 256.1527256965637
new best!
epoch 75:
loss: 1.1256 || cls: 0.8606
train: acc: 0.9619 || macc: 0.9335 || miou: 0.8876 || iou: [0.9326, 0.9721, 0.8854, 0.9388, 0.9313, 0.928, 0.8885, 0.8442, 0.86, 0.933, 0.7438, 0.8116, 0.8605, 0.9156, 0.8805, 0.9112, 0.9317, 0.7861, 0.9251, 0.8729]
val:   acc: 0.9198 || macc: 0.8344 || miou: 0.7589 || iou: [0.8768, 0.9666, 0.7199, 0.8172, 0.9151, 0.8093, 0.7701, 0.7042, 0.6874, 0.8352, 0.3206, 0.7055, 0.6921, 0.8079, 0.6949, 0.6924, 0.9439, 0.6727, 0.905, 0.6405]
duration: 251.99676871299744
epoch 76:
loss: 1.1248 || cls: 0.8557
train: acc: 0.9622 || macc: 0.934 || miou: 0.8882 || iou: [0.9339, 0.972, 0.8872, 0.9394, 0.9314, 0.9264, 0.8844, 0.8518, 0.8621, 0.9346, 0.7335, 0.8158, 0.858, 0.9158, 0.8904, 0.9151, 0.9343, 0.7857, 0.92, 0.8726]
val:   acc: 0.921 || macc: 0.831 || miou: 0.7564 || iou: [0.8797, 0.9657, 0.7174, 0.8078, 0.9165, 0.8031, 0.7889, 0.7186, 0.7122, 0.8472, 0.344, 0.7101, 0.7183, 0.7706, 0.6718, 0.5966, 0.943, 0.6815, 0.905, 0.6306]
duration: 255.9240529537201
epoch 77:
loss: 1.1228 || cls: 0.8564
train: acc: 0.9631 || macc: 0.9357 || miou: 0.8909 || iou: [0.9359, 0.9723, 0.8893, 0.9422, 0.9327, 0.9283, 0.8867, 0.8566, 0.8658, 0.9371, 0.7414, 0.8102, 0.8598, 0.9187, 0.8903, 0.9113, 0.9392, 0.7955, 0.9308, 0.8736]
val:   acc: 0.9213 || macc: 0.818 || miou: 0.745 || iou: [0.8844, 0.9662, 0.7192, 0.8093, 0.9243, 0.7994, 0.7714, 0.7187, 0.7102, 0.8528, 0.2584, 0.5825, 0.684, 0.7752, 0.6943, 0.568, 0.955, 0.6622, 0.9109, 0.6537]
duration: 252.74365878105164
epoch 78:
loss: 1.1203 || cls: 0.8528
train: acc: 0.9643 || macc: 0.9371 || miou: 0.8936 || iou: [0.9364, 0.9722, 0.8943, 0.9441, 0.9384, 0.9404, 0.8974, 0.8562, 0.8639, 0.9349, 0.7476, 0.8237, 0.8731, 0.9104, 0.8885, 0.9099, 0.936, 0.7908, 0.9291, 0.8837]
val:   acc: 0.9228 || macc: 0.8253 || miou: 0.7532 || iou: [0.8848, 0.9672, 0.7124, 0.8189, 0.9259, 0.8133, 0.7802, 0.7453, 0.7301, 0.8528, 0.3743, 0.6485, 0.7014, 0.7704, 0.5985, 0.5771, 0.9541, 0.6854, 0.8963, 0.6272]
duration: 253.11732411384583
epoch 79:
loss: 1.119 || cls: 0.8554
train: acc: 0.9649 || macc: 0.9396 || miou: 0.8968 || iou: [0.9369, 0.9731, 0.8899, 0.9431, 0.9387, 0.938, 0.8998, 0.8602, 0.8725, 0.9304, 0.7622, 0.8248, 0.8734, 0.9234, 0.8942, 0.9242, 0.9391, 0.7985, 0.9265, 0.8872]
val:   acc: 0.9228 || macc: 0.8356 || miou: 0.7624 || iou: [0.8871, 0.9659, 0.7047, 0.8101, 0.9228, 0.8323, 0.78, 0.7283, 0.7055, 0.8399, 0.3271, 0.717, 0.7137, 0.7995, 0.6881, 0.6455, 0.953, 0.6951, 0.899, 0.634]
duration: 252.52320432662964
new best!
epoch 80:
loss: 1.1168 || cls: 0.8541
train: acc: 0.9659 || macc: 0.9416 || miou: 0.8999 || iou: [0.9388, 0.9731, 0.9012, 0.9464, 0.9377, 0.9355, 0.901, 0.8643, 0.8764, 0.9384, 0.7596, 0.8384, 0.8756, 0.9282, 0.905, 0.9194, 0.9399, 0.8005, 0.9309, 0.8877]
val:   acc: 0.9229 || macc: 0.8387 || miou: 0.7637 || iou: [0.8852, 0.9659, 0.7224, 0.815, 0.9213, 0.7931, 0.7735, 0.7352, 0.7323, 0.8355, 0.3718, 0.7265, 0.7, 0.7852, 0.727, 0.6159, 0.9573, 0.6999, 0.8784, 0.6329]
duration: 251.93246746063232
new best!
epoch 81:
loss: 1.1142 || cls: 0.8448
train: acc: 0.9671 || macc: 0.9443 || miou: 0.9039 || iou: [0.9413, 0.9732, 0.9062, 0.9445, 0.9398, 0.9395, 0.9059, 0.8705, 0.8749, 0.9431, 0.7783, 0.8361, 0.886, 0.9237, 0.9045, 0.9313, 0.941, 0.807, 0.9368, 0.8941]
val:   acc: 0.9237 || macc: 0.8403 || miou: 0.7682 || iou: [0.885, 0.9657, 0.7115, 0.8072, 0.9218, 0.8168, 0.7926, 0.7433, 0.7157, 0.814, 0.3594, 0.7161, 0.728, 0.8013, 0.7396, 0.6565, 0.9566, 0.6881, 0.9048, 0.6404]
duration: 251.37397384643555
new best!
epoch 82:
loss: 1.1129 || cls: 0.8396
train: acc: 0.9679 || macc: 0.945 || miou: 0.9054 || iou: [0.942, 0.9733, 0.9076, 0.947, 0.9422, 0.9422, 0.9087, 0.8705, 0.8847, 0.9447, 0.7804, 0.8377, 0.889, 0.9299, 0.904, 0.9229, 0.9387, 0.8075, 0.9388, 0.8967]
val:   acc: 0.9227 || macc: 0.8367 || miou: 0.7631 || iou: [0.8841, 0.9662, 0.7286, 0.807, 0.9172, 0.7969, 0.7811, 0.7114, 0.7186, 0.8489, 0.3537, 0.6874, 0.6934, 0.8013, 0.7258, 0.6539, 0.9445, 0.6834, 0.9054, 0.6536]
duration: 251.05796670913696
epoch 83:
loss: 1.1097 || cls: 0.8318
train: acc: 0.9692 || macc: 0.9475 || miou: 0.9093 || iou: [0.944, 0.974, 0.9111, 0.9497, 0.9447, 0.9488, 0.9136, 0.8756, 0.8888, 0.9468, 0.7856, 0.8431, 0.8929, 0.9319, 0.9073, 0.9298, 0.9459, 0.8056, 0.9423, 0.9049]
val:   acc: 0.925 || macc: 0.846 || miou: 0.776 || iou: [0.883, 0.9656, 0.7201, 0.8159, 0.9259, 0.8192, 0.7916, 0.7481, 0.7095, 0.8492, 0.3539, 0.719, 0.7203, 0.8226, 0.726, 0.7248, 0.9574, 0.7154, 0.9059, 0.6467]
duration: 248.61455726623535
new best!
epoch 84:
loss: 1.1088 || cls: 0.8236
train: acc: 0.9696 || macc: 0.9484 || miou: 0.9106 || iou: [0.9451, 0.9741, 0.9123, 0.9511, 0.9435, 0.9449, 0.9142, 0.878, 0.8928, 0.944, 0.7871, 0.849, 0.8974, 0.9358, 0.9102, 0.9319, 0.9425, 0.8142, 0.9399, 0.9042]
val:   acc: 0.9238 || macc: 0.8374 || miou: 0.7664 || iou: [0.8848, 0.9647, 0.7223, 0.8121, 0.9257, 0.8175, 0.7828, 0.7285, 0.7156, 0.8478, 0.3606, 0.6464, 0.6848, 0.8204, 0.7087, 0.6861, 0.9543, 0.6966, 0.9059, 0.6616]
duration: 249.65255212783813
epoch 85:
loss: 1.1078 || cls: 0.8234
train: acc: 0.97 || macc: 0.9493 || miou: 0.9119 || iou: [0.9456, 0.974, 0.9171, 0.9499, 0.9454, 0.9499, 0.9168, 0.879, 0.8898, 0.945, 0.7982, 0.8511, 0.895, 0.9365, 0.9078, 0.925, 0.9452, 0.8152, 0.9432, 0.9082]
val:   acc: 0.9237 || macc: 0.8376 || miou: 0.7659 || iou: [0.8831, 0.9657, 0.7319, 0.819, 0.9223, 0.8172, 0.7801, 0.7231, 0.7283, 0.8408, 0.3094, 0.7262, 0.6886, 0.7877, 0.7223, 0.6537, 0.9544, 0.7048, 0.9028, 0.6567]
duration: 245.95889949798584
epoch 86:
loss: 1.1053 || cls: 0.8184
train: acc: 0.9712 || macc: 0.9518 || miou: 0.9159 || iou: [0.948, 0.9747, 0.9188, 0.9526, 0.9472, 0.9505, 0.9194, 0.8847, 0.8943, 0.9498, 0.8036, 0.8558, 0.902, 0.9365, 0.9128, 0.9372, 0.9487, 0.8212, 0.9498, 0.9095]
val:   acc: 0.9262 || macc: 0.8527 || miou: 0.781 || iou: [0.8848, 0.965, 0.7393, 0.8163, 0.9187, 0.8025, 0.8083, 0.7334, 0.7162, 0.8587, 0.356, 0.7299, 0.7419, 0.82, 0.7607, 0.7431, 0.956, 0.7012, 0.9062, 0.6621]
duration: 249.8748288154602
new best!
epoch 87:
loss: 1.1037 || cls: 0.8107
train: acc: 0.972 || macc: 0.9527 || miou: 0.9174 || iou: [0.9491, 0.9747, 0.9218, 0.9555, 0.9481, 0.9505, 0.9225, 0.887, 0.8988, 0.9499, 0.7987, 0.859, 0.9053, 0.9413, 0.9182, 0.94, 0.9466, 0.8211, 0.9453, 0.9148]
val:   acc: 0.9247 || macc: 0.8404 || miou: 0.7707 || iou: [0.8812, 0.9653, 0.7248, 0.8183, 0.9199, 0.8102, 0.8019, 0.7255, 0.7244, 0.858, 0.3403, 0.7149, 0.725, 0.7887, 0.7483, 0.6323, 0.9549, 0.7039, 0.9077, 0.6692]
duration: 248.8652422428131
epoch 88:
loss: 1.1028 || cls: 0.8042
train: acc: 0.9723 || macc: 0.9538 || miou: 0.9194 || iou: [0.9494, 0.975, 0.9249, 0.9561, 0.9483, 0.9548, 0.9228, 0.8887, 0.8978, 0.9541, 0.8093, 0.8613, 0.9079, 0.9411, 0.9209, 0.9432, 0.9466, 0.8254, 0.9456, 0.9153]
val:   acc: 0.9248 || macc: 0.8443 || miou: 0.7736 || iou: [0.8844, 0.9648, 0.7216, 0.8129, 0.9265, 0.817, 0.7895, 0.7254, 0.7147, 0.8526, 0.3466, 0.7301, 0.7168, 0.805, 0.7366, 0.7045, 0.9508, 0.7021, 0.9044, 0.6646]
duration: 245.0089738368988
epoch 89:
loss: 1.1012 || cls: 0.8004
train: acc: 0.9731 || macc: 0.9552 || miou: 0.9215 || iou: [0.9505, 0.9752, 0.9259, 0.957, 0.95, 0.9559, 0.9254, 0.8912, 0.9048, 0.9554, 0.8148, 0.8627, 0.91, 0.9459, 0.9182, 0.9395, 0.9528, 0.8278, 0.9471, 0.92]
val:   acc: 0.9239 || macc: 0.8383 || miou: 0.7685 || iou: [0.8802, 0.9654, 0.7291, 0.8121, 0.9246, 0.8168, 0.7922, 0.7218, 0.7197, 0.8509, 0.3361, 0.7291, 0.7136, 0.7801, 0.7429, 0.6319, 0.9526, 0.6963, 0.9052, 0.6692]
duration: 247.33369874954224
epoch 90:
loss: 1.1 || cls: 0.7943
train: acc: 0.9737 || macc: 0.956 || miou: 0.9228 || iou: [0.9517, 0.9756, 0.9282, 0.9577, 0.951, 0.9559, 0.9291, 0.8946, 0.9052, 0.9554, 0.8104, 0.8661, 0.9151, 0.9439, 0.921, 0.9483, 0.9517, 0.8288, 0.9479, 0.9193]
val:   acc: 0.9249 || macc: 0.8405 || miou: 0.7694 || iou: [0.8847, 0.9652, 0.7346, 0.8151, 0.9256, 0.8185, 0.7949, 0.7283, 0.7234, 0.8402, 0.3318, 0.7255, 0.7228, 0.7893, 0.7309, 0.6248, 0.9549, 0.713, 0.9074, 0.6577]
duration: 247.1340205669403
epoch 91:
loss: 1.0994 || cls: 0.7975
train: acc: 0.9739 || macc: 0.9563 || miou: 0.9233 || iou: [0.952, 0.9756, 0.93, 0.958, 0.9516, 0.9572, 0.9269, 0.8955, 0.9052, 0.9552, 0.811, 0.8657, 0.9145, 0.9442, 0.921, 0.945, 0.9534, 0.8333, 0.9501, 0.9209]
val:   acc: 0.9248 || macc: 0.8425 || miou: 0.7713 || iou: [0.8809, 0.9653, 0.7391, 0.8167, 0.927, 0.8227, 0.7866, 0.7366, 0.7268, 0.8529, 0.3494, 0.7236, 0.7103, 0.7865, 0.7511, 0.6348, 0.9486, 0.6996, 0.9103, 0.6572]
duration: 245.10807275772095
epoch 92:
loss: 1.0984 || cls: 0.796
train: acc: 0.9744 || macc: 0.9578 || miou: 0.9256 || iou: [0.9526, 0.9759, 0.9309, 0.9574, 0.9524, 0.9574, 0.9283, 0.8973, 0.908, 0.9591, 0.8221, 0.8724, 0.9154, 0.9471, 0.9213, 0.9495, 0.9541, 0.8346, 0.9533, 0.9234]
val:   acc: 0.9253 || macc: 0.8412 || miou: 0.771 || iou: [0.8834, 0.9653, 0.7441, 0.8155, 0.9227, 0.8149, 0.7883, 0.7412, 0.729, 0.8561, 0.3452, 0.7321, 0.7089, 0.7808, 0.7399, 0.6244, 0.9569, 0.7044, 0.9096, 0.6583]
duration: 246.60279989242554
epoch 93:
loss: 1.0975 || cls: 0.7943
train: acc: 0.9748 || macc: 0.9582 || miou: 0.9261 || iou: [0.9536, 0.9761, 0.9326, 0.9595, 0.9535, 0.9582, 0.9307, 0.8983, 0.9099, 0.9589, 0.8195, 0.8723, 0.9172, 0.9459, 0.9254, 0.9429, 0.9541, 0.8364, 0.9532, 0.9236]
val:   acc: 0.9246 || macc: 0.8377 || miou: 0.769 || iou: [0.882, 0.9655, 0.7397, 0.8139, 0.9202, 0.8075, 0.7913, 0.7325, 0.7277, 0.8582, 0.3372, 0.7172, 0.7133, 0.7891, 0.7451, 0.6202, 0.9523, 0.7022, 0.9074, 0.6585]
duration: 245.04577016830444
epoch 94:
loss: 1.0966 || cls: 0.7934
train: acc: 0.9752 || macc: 0.9588 || miou: 0.9274 || iou: [0.9541, 0.9762, 0.9338, 0.9605, 0.9538, 0.9603, 0.9329, 0.9007, 0.9103, 0.9595, 0.8193, 0.8747, 0.9209, 0.9476, 0.926, 0.9442, 0.955, 0.8379, 0.9545, 0.9267]
val:   acc: 0.9251 || macc: 0.8408 || miou: 0.7709 || iou: [0.8843, 0.9652, 0.7401, 0.8177, 0.9258, 0.8224, 0.7915, 0.7231, 0.7279, 0.8547, 0.3563, 0.7074, 0.7138, 0.7809, 0.7413, 0.6308, 0.9537, 0.7102, 0.9104, 0.6595]
duration: 244.38244128227234
epoch 95:
loss: 1.0959 || cls: 0.7931
train: acc: 0.9755 || macc: 0.9602 || miou: 0.9293 || iou: [0.9547, 0.9762, 0.9348, 0.9614, 0.9542, 0.9605, 0.9324, 0.9016, 0.9108, 0.9601, 0.8275, 0.8766, 0.9199, 0.9499, 0.9306, 0.9512, 0.9565, 0.8408, 0.9576, 0.928]
val:   acc: 0.9247 || macc: 0.8397 || miou: 0.77 || iou: [0.8826, 0.9649, 0.7439, 0.8151, 0.9235, 0.8183, 0.7937, 0.724, 0.7134, 0.8592, 0.3508, 0.729, 0.7193, 0.7772, 0.7263, 0.6185, 0.9496, 0.7207, 0.9079, 0.6622]
duration: 242.26327323913574
epoch 96:
loss: 1.0956 || cls: 0.7906
train: acc: 0.9758 || macc: 0.96 || miou: 0.9294 || iou: [0.9551, 0.9761, 0.9365, 0.9609, 0.9545, 0.9613, 0.9342, 0.9028, 0.9139, 0.9607, 0.8212, 0.8776, 0.9212, 0.9504, 0.9307, 0.9509, 0.9562, 0.8401, 0.9548, 0.9284]
val:   acc: 0.9255 || macc: 0.8406 || miou: 0.7708 || iou: [0.8841, 0.9653, 0.7506, 0.8179, 0.9237, 0.814, 0.7946, 0.7276, 0.7204, 0.8583, 0.3487, 0.722, 0.724, 0.7833, 0.7295, 0.6228, 0.9478, 0.7072, 0.9092, 0.6649]
duration: 243.8981215953827
epoch 97:
loss: 1.0953 || cls: 0.7921
train: acc: 0.9759 || macc: 0.9605 || miou: 0.9301 || iou: [0.9554, 0.9762, 0.9367, 0.9625, 0.9542, 0.9621, 0.9336, 0.9037, 0.914, 0.9599, 0.828, 0.8792, 0.92, 0.9514, 0.9307, 0.9516, 0.9582, 0.8392, 0.9563, 0.93]
val:   acc: 0.9246 || macc: 0.8396 || miou: 0.7692 || iou: [0.8827, 0.9653, 0.7393, 0.8165, 0.9215, 0.8099, 0.7922, 0.7286, 0.7213, 0.8584, 0.3504, 0.7106, 0.7136, 0.783, 0.7305, 0.6237, 0.9537, 0.7077, 0.9114, 0.6644]
duration: 244.18336153030396
epoch 98:
loss: 1.0945 || cls: 0.7884
train: acc: 0.9763 || macc: 0.9613 || miou: 0.9315 || iou: [0.9559, 0.9762, 0.9376, 0.9626, 0.9555, 0.9635, 0.9359, 0.9045, 0.9133, 0.9619, 0.8359, 0.8792, 0.9249, 0.9507, 0.9327, 0.9521, 0.9586, 0.8392, 0.9592, 0.9311]
val:   acc: 0.9255 || macc: 0.8415 || miou: 0.7707 || iou: [0.8849, 0.9654, 0.7483, 0.8154, 0.926, 0.8195, 0.7928, 0.7299, 0.7204, 0.856, 0.3465, 0.7257, 0.7116, 0.7833, 0.7408, 0.6181, 0.9531, 0.7092, 0.9084, 0.6594]
duration: 240.4187366962433
epoch 99:
loss: 1.0944 || cls: 0.792
train: acc: 0.9763 || macc: 0.9611 || miou: 0.9311 || iou: [0.9558, 0.9764, 0.9384, 0.963, 0.9558, 0.963, 0.9364, 0.9061, 0.9133, 0.9605, 0.8249, 0.8801, 0.9253, 0.9501, 0.9333, 0.9529, 0.9575, 0.8401, 0.9577, 0.9307]
val:   acc: 0.9257 || macc: 0.8433 || miou: 0.7726 || iou: [0.8843, 0.9649, 0.7496, 0.8157, 0.9237, 0.8144, 0.7975, 0.7343, 0.7237, 0.8549, 0.3543, 0.7225, 0.7235, 0.7806, 0.7496, 0.6331, 0.9519, 0.7041, 0.9071, 0.6634]
duration: 240.1716866493225
