base
epoch 0:
loss: 1.3547 || cls: 1.2796
train: acc: 0.7978 || macc: 0.5738 || miou: 0.4892 || iou: [0.9035, 0.9239, 0.7105, 0.5027, 0.1062, 0.3068, 0.4985, 0.5824, 0.5961, 0.121, 0.4353, 0.1902, 0.4819]
val:   acc: 0.8494 || macc: 0.6996 || miou: 0.5892 || iou: [0.9008, 0.9692, 0.7666, 0.0, 0.2699, 0.4151, 0.4391, 0.7457, 0.8423, 0.5735, 0.7164, 0.538, 0.4826]
duration: 70.48070788383484
new best!
epoch 1:
loss: 1.1952 || cls: 0.8005
train: acc: 0.8736 || macc: 0.7634 || miou: 0.6766 || iou: [0.9399, 0.9607, 0.7999, 0.7212, 0.3623, 0.6125, 0.6833, 0.707, 0.7701, 0.5038, 0.6122, 0.4965, 0.6269]
val:   acc: 0.8746 || macc: 0.6872 || miou: 0.6176 || iou: [0.9394, 0.975, 0.7982, 0.0, 0.2285, 0.5141, 0.5666, 0.7388, 0.8539, 0.5105, 0.7101, 0.6506, 0.5426]
duration: 69.6170723438263
new best!
epoch 2:
loss: 1.1533 || cls: 0.7352
train: acc: 0.8947 || macc: 0.8108 || miou: 0.7292 || iou: [0.9479, 0.966, 0.8313, 0.7721, 0.4711, 0.6876, 0.7316, 0.7324, 0.8076, 0.61, 0.6775, 0.5694, 0.6756]
val:   acc: 0.8805 || macc: 0.7196 || miou: 0.6377 || iou: [0.9381, 0.9752, 0.8237, 0.0, 0.352, 0.559, 0.6199, 0.7695, 0.8654, 0.4294, 0.7028, 0.6925, 0.5621]
duration: 68.34623885154724
new best!
epoch 3:
loss: 1.1243 || cls: 0.6554
train: acc: 0.9083 || macc: 0.8436 || miou: 0.7659 || iou: [0.953, 0.9688, 0.8505, 0.7957, 0.5637, 0.7499, 0.7715, 0.7563, 0.8327, 0.6639, 0.7165, 0.6284, 0.7062]
val:   acc: 0.8876 || macc: 0.7458 || miou: 0.6677 || iou: [0.9264, 0.9753, 0.8278, 0.0, 0.3377, 0.5731, 0.6419, 0.7842, 0.8801, 0.7228, 0.734, 0.719, 0.558]
duration: 65.18177461624146
new best!
epoch 4:
loss: 1.1099 || cls: 0.5053
train: acc: 0.9156 || macc: 0.8579 || miou: 0.7837 || iou: [0.9557, 0.9708, 0.8619, 0.8144, 0.6022, 0.7581, 0.7991, 0.7674, 0.846, 0.7066, 0.7384, 0.6439, 0.724]
val:   acc: 0.8792 || macc: 0.7171 || miou: 0.6358 || iou: [0.9347, 0.9753, 0.7974, 0.0, 0.3511, 0.529, 0.4579, 0.7745, 0.8849, 0.6132, 0.7543, 0.6291, 0.5645]
duration: 71.8558840751648
epoch 5:
loss: 1.098 || cls: 0.4262
train: acc: 0.9214 || macc: 0.8696 || miou: 0.7993 || iou: [0.9571, 0.973, 0.8707, 0.8248, 0.6327, 0.7877, 0.8086, 0.7772, 0.8497, 0.7541, 0.7619, 0.6534, 0.7403]
val:   acc: 0.8895 || macc: 0.7293 || miou: 0.6609 || iou: [0.938, 0.9753, 0.8204, 0.0, 0.2347, 0.587, 0.6644, 0.8073, 0.8912, 0.6299, 0.7155, 0.7235, 0.6046]
duration: 69.04698729515076
epoch 6:
loss: 1.0963 || cls: 0.3875
train: acc: 0.9224 || macc: 0.8701 || miou: 0.8005 || iou: [0.9573, 0.9729, 0.8729, 0.8304, 0.652, 0.7842, 0.8097, 0.7836, 0.8567, 0.7223, 0.7634, 0.6587, 0.7426]
val:   acc: 0.8876 || macc: 0.7253 || miou: 0.6615 || iou: [0.9383, 0.9778, 0.8097, 0.0, 0.25, 0.5515, 0.689, 0.761, 0.902, 0.7026, 0.7275, 0.698, 0.592]
duration: 69.33655667304993
epoch 7:
loss: 1.0878 || cls: 0.3588
train: acc: 0.926 || macc: 0.8766 || miou: 0.8098 || iou: [0.9594, 0.9725, 0.8785, 0.8327, 0.6713, 0.8062, 0.8268, 0.7872, 0.8631, 0.7193, 0.771, 0.6873, 0.7521]
val:   acc: 0.8937 || macc: 0.743 || miou: 0.669 || iou: [0.9185, 0.9767, 0.8307, 0.0, 0.3226, 0.5949, 0.6792, 0.7946, 0.8449, 0.6326, 0.7715, 0.7526, 0.5779]
duration: 71.07691049575806
new best!
epoch 8:
loss: 1.087 || cls: 0.3502
train: acc: 0.9267 || macc: 0.8786 || miou: 0.8127 || iou: [0.9593, 0.9739, 0.8788, 0.8383, 0.6623, 0.7994, 0.8192, 0.7943, 0.8651, 0.7685, 0.772, 0.6765, 0.7569]
val:   acc: 0.8901 || macc: 0.7302 || miou: 0.6636 || iou: [0.9324, 0.9796, 0.8328, 0.0, 0.3912, 0.5415, 0.6967, 0.7948, 0.8875, 0.5897, 0.7055, 0.6985, 0.5761]
duration: 65.66531205177307
epoch 9:
loss: 1.0816 || cls: 0.3466
train: acc: 0.9296 || macc: 0.883 || miou: 0.819 || iou: [0.9605, 0.974, 0.8843, 0.8387, 0.6806, 0.8032, 0.8323, 0.7968, 0.8691, 0.7617, 0.7784, 0.7045, 0.7631]
val:   acc: 0.8889 || macc: 0.7163 || miou: 0.6484 || iou: [0.9149, 0.9728, 0.829, 0.0, 0.2361, 0.5647, 0.6789, 0.7457, 0.8738, 0.6325, 0.7805, 0.6548, 0.5451]
duration: 67.16919541358948
epoch 10:
loss: 1.0764 || cls: 0.3363
train: acc: 0.9317 || macc: 0.8871 || miou: 0.824 || iou: [0.9615, 0.9744, 0.8865, 0.8563, 0.7013, 0.8176, 0.8415, 0.8032, 0.8756, 0.7554, 0.7861, 0.6835, 0.7696]
val:   acc: 0.8989 || macc: 0.7475 || miou: 0.6717 || iou: [0.946, 0.9711, 0.8464, 0.0, 0.4173, 0.5824, 0.6699, 0.7719, 0.8863, 0.4849, 0.7666, 0.7649, 0.6244]
duration: 67.32879781723022
new best!
epoch 11:
loss: 1.0716 || cls: 0.3295
train: acc: 0.9341 || macc: 0.8919 || miou: 0.83 || iou: [0.9621, 0.974, 0.8913, 0.8546, 0.7118, 0.8204, 0.8425, 0.8062, 0.8778, 0.7694, 0.7978, 0.7039, 0.7777]
val:   acc: 0.8878 || macc: 0.7625 || miou: 0.6867 || iou: [0.9241, 0.978, 0.8253, 0.0, 0.3984, 0.5821, 0.7473, 0.7754, 0.9112, 0.7483, 0.7354, 0.7471, 0.5549]
duration: 72.58785009384155
new best!
epoch 12:
loss: 1.0669 || cls: 0.326
train: acc: 0.9366 || macc: 0.8987 || miou: 0.839 || iou: [0.9631, 0.9752, 0.8951, 0.8696, 0.7189, 0.8208, 0.8527, 0.8124, 0.8863, 0.7925, 0.8027, 0.7374, 0.7799]
val:   acc: 0.893 || macc: 0.7584 || miou: 0.6809 || iou: [0.9289, 0.9786, 0.8331, 0.0, 0.4054, 0.6149, 0.6619, 0.7663, 0.8932, 0.7152, 0.762, 0.7381, 0.5544]
duration: 67.9954445362091
epoch 13:
loss: 1.0637 || cls: 0.3239
train: acc: 0.938 || macc: 0.8987 || miou: 0.8401 || iou: [0.9629, 0.9751, 0.8982, 0.8711, 0.7268, 0.8339, 0.858, 0.8142, 0.8801, 0.7645, 0.8089, 0.7443, 0.7835]
val:   acc: 0.8929 || macc: 0.7377 || miou: 0.6737 || iou: [0.9343, 0.9751, 0.8207, 0.0004, 0.3768, 0.5788, 0.6711, 0.8093, 0.8983, 0.5846, 0.7719, 0.7323, 0.6043]
duration: 66.96548128128052
epoch 14:
loss: 1.059 || cls: 0.3181
train: acc: 0.9404 || macc: 0.9045 || miou: 0.8477 || iou: [0.9646, 0.9753, 0.9007, 0.8732, 0.7431, 0.8417, 0.8644, 0.8186, 0.8894, 0.7923, 0.818, 0.7442, 0.7939]
val:   acc: 0.8962 || macc: 0.7528 || miou: 0.6829 || iou: [0.9218, 0.9798, 0.8421, 0.0, 0.3189, 0.6042, 0.7216, 0.8199, 0.9115, 0.6598, 0.7461, 0.7742, 0.5775]
duration: 72.16973495483398
epoch 15:
loss: 1.0595 || cls: 0.3222
train: acc: 0.9402 || macc: 0.906 || miou: 0.8491 || iou: [0.9637, 0.9754, 0.9017, 0.874, 0.7549, 0.8316, 0.8589, 0.8198, 0.8905, 0.8023, 0.8168, 0.7571, 0.7914]
val:   acc: 0.891 || macc: 0.749 || miou: 0.6793 || iou: [0.9344, 0.9759, 0.821, 0.0, 0.3977, 0.5547, 0.6277, 0.7564, 0.9021, 0.7461, 0.7477, 0.767, 0.5998]
duration: 64.92942976951599
epoch 16:
loss: 1.0564 || cls: 0.3219
train: acc: 0.9416 || macc: 0.908 || miou: 0.8519 || iou: [0.9647, 0.9757, 0.9026, 0.8753, 0.7629, 0.844, 0.8623, 0.8256, 0.89, 0.8055, 0.8208, 0.7489, 0.7967]
val:   acc: 0.8908 || macc: 0.7528 || miou: 0.6814 || iou: [0.9173, 0.9786, 0.8201, 0.0, 0.4428, 0.5497, 0.6897, 0.8003, 0.9027, 0.6531, 0.7582, 0.7484, 0.5978]
duration: 69.58121013641357
epoch 17:
loss: 1.0517 || cls: 0.3168
train: acc: 0.9442 || macc: 0.9105 || miou: 0.8556 || iou: [0.9659, 0.9763, 0.9065, 0.8743, 0.743, 0.853, 0.873, 0.8305, 0.8964, 0.8019, 0.8277, 0.7671, 0.8066]
val:   acc: 0.8978 || macc: 0.7645 || miou: 0.6857 || iou: [0.9286, 0.98, 0.8301, 0.0, 0.4621, 0.591, 0.7864, 0.8089, 0.9127, 0.4807, 0.7691, 0.77, 0.5939]
duration: 71.35307192802429
epoch 18:
loss: 1.0489 || cls: 0.3176
train: acc: 0.9453 || macc: 0.9134 || miou: 0.8596 || iou: [0.966, 0.976, 0.9084, 0.8833, 0.7769, 0.8542, 0.8771, 0.8341, 0.896, 0.8014, 0.835, 0.7595, 0.8063]
val:   acc: 0.9076 || macc: 0.75 || miou: 0.6865 || iou: [0.95, 0.9785, 0.8476, 0.0, 0.3452, 0.6086, 0.6881, 0.8051, 0.9007, 0.6083, 0.7871, 0.7579, 0.6478]
duration: 68.62144613265991
epoch 19:
loss: 1.0455 || cls: 0.3205
train: acc: 0.9469 || macc: 0.9157 || miou: 0.8635 || iou: [0.9674, 0.9765, 0.9102, 0.888, 0.7598, 0.851, 0.8753, 0.8394, 0.9039, 0.8258, 0.8386, 0.7746, 0.8156]
val:   acc: 0.903 || macc: 0.7587 || miou: 0.6964 || iou: [0.9478, 0.9786, 0.8363, 0.0, 0.3942, 0.5838, 0.6953, 0.807, 0.9138, 0.7142, 0.771, 0.7743, 0.6366]
duration: 68.44293022155762
new best!
epoch 20:
loss: 1.0493 || cls: 0.3307
train: acc: 0.9451 || macc: 0.9126 || miou: 0.859 || iou: [0.9662, 0.9757, 0.9073, 0.8868, 0.759, 0.8553, 0.8686, 0.8389, 0.8988, 0.8098, 0.8277, 0.762, 0.8117]
val:   acc: 0.8869 || macc: 0.7385 || miou: 0.6655 || iou: [0.9463, 0.9774, 0.8091, 0.0, 0.2741, 0.5941, 0.6779, 0.7138, 0.9019, 0.7136, 0.752, 0.6885, 0.603]
duration: 72.47745656967163
epoch 21:
loss: 1.0433 || cls: 0.3221
train: acc: 0.9481 || macc: 0.9202 || miou: 0.869 || iou: [0.9669, 0.9762, 0.9119, 0.8964, 0.7827, 0.8586, 0.8799, 0.8425, 0.906, 0.8347, 0.8449, 0.7759, 0.8199]
val:   acc: 0.9057 || macc: 0.7658 || miou: 0.7014 || iou: [0.9448, 0.9795, 0.8463, 0.0, 0.3356, 0.6238, 0.7334, 0.7768, 0.8971, 0.7558, 0.7975, 0.7956, 0.6321]
duration: 64.09441828727722
new best!
epoch 22:
loss: 1.0434 || cls: 0.3276
train: acc: 0.9478 || macc: 0.9189 || miou: 0.8678 || iou: [0.9665, 0.9768, 0.9108, 0.8885, 0.7739, 0.8654, 0.8792, 0.8472, 0.9061, 0.8227, 0.8447, 0.7829, 0.8162]
val:   acc: 0.9025 || macc: 0.7413 || miou: 0.6867 || iou: [0.9457, 0.9789, 0.844, 0.0, 0.2488, 0.6039, 0.7478, 0.7841, 0.9201, 0.6676, 0.7753, 0.7919, 0.6195]
duration: 68.7473042011261
epoch 23:
loss: 1.0408 || cls: 0.3279
train: acc: 0.9494 || macc: 0.9219 || miou: 0.8718 || iou: [0.9664, 0.9765, 0.9139, 0.8943, 0.7908, 0.8679, 0.8829, 0.8449, 0.9086, 0.8427, 0.8512, 0.7706, 0.8231]
val:   acc: 0.9019 || macc: 0.7462 || miou: 0.685 || iou: [0.9276, 0.9795, 0.8367, 0.0, 0.405, 0.5986, 0.7448, 0.8226, 0.8963, 0.5034, 0.7849, 0.8061, 0.599]
duration: 70.11956858634949
epoch 24:
loss: 1.0388 || cls: 0.328
train: acc: 0.9502 || macc: 0.9231 || miou: 0.8734 || iou: [0.9672, 0.9769, 0.9156, 0.895, 0.7909, 0.8664, 0.8863, 0.8478, 0.9055, 0.8479, 0.8531, 0.7764, 0.8256]
val:   acc: 0.8973 || macc: 0.7686 || miou: 0.6912 || iou: [0.9385, 0.979, 0.8355, 0.0, 0.306, 0.5669, 0.7116, 0.795, 0.9111, 0.794, 0.7791, 0.7602, 0.6091]
duration: 115.40987348556519
epoch 25:
loss: 1.0405 || cls: 0.3377
train: acc: 0.9494 || macc: 0.9214 || miou: 0.8713 || iou: [0.9666, 0.9774, 0.9134, 0.8881, 0.7739, 0.865, 0.8802, 0.8498, 0.9084, 0.8439, 0.8489, 0.7843, 0.8264]
val:   acc: 0.9043 || macc: 0.7728 || miou: 0.7018 || iou: [0.9491, 0.9803, 0.8481, 0.0, 0.4638, 0.5833, 0.6826, 0.8052, 0.9042, 0.7147, 0.767, 0.7851, 0.6395]
duration: 117.24818110466003
new best!
epoch 26:
loss: 1.0386 || cls: 0.3415
train: acc: 0.9501 || macc: 0.9236 || miou: 0.8742 || iou: [0.9676, 0.9774, 0.9158, 0.8952, 0.7889, 0.8694, 0.8848, 0.8499, 0.9085, 0.8447, 0.8497, 0.7893, 0.8237]
val:   acc: 0.9029 || macc: 0.7622 || miou: 0.6972 || iou: [0.9465, 0.9796, 0.8553, 0.0, 0.402, 0.6157, 0.7299, 0.8082, 0.9062, 0.6856, 0.7313, 0.7843, 0.6194]
duration: 117.50131702423096
epoch 27:
loss: 1.0382 || cls: 0.345
train: acc: 0.9503 || macc: 0.9232 || miou: 0.8736 || iou: [0.9667, 0.9777, 0.9146, 0.8941, 0.7901, 0.8729, 0.8841, 0.8501, 0.9095, 0.8318, 0.8559, 0.7812, 0.8279]
val:   acc: 0.9084 || macc: 0.7746 || miou: 0.7095 || iou: [0.9444, 0.981, 0.8535, 0.0, 0.3956, 0.6192, 0.7392, 0.8117, 0.9211, 0.7392, 0.7699, 0.8008, 0.6479]
duration: 114.45472145080566
new best!
epoch 28:
loss: 1.0297 || cls: 0.3358
train: acc: 0.9545 || macc: 0.931 || miou: 0.885 || iou: [0.9685, 0.9775, 0.9228, 0.9046, 0.8122, 0.8837, 0.8998, 0.8611, 0.9161, 0.8364, 0.8684, 0.8188, 0.835]
val:   acc: 0.8983 || macc: 0.7608 || miou: 0.6936 || iou: [0.9413, 0.9792, 0.8324, 0.0, 0.3827, 0.5794, 0.766, 0.8039, 0.9112, 0.6556, 0.7326, 0.8112, 0.6208]
duration: 119.05324411392212
epoch 29:
loss: 1.0346 || cls: 0.3503
train: acc: 0.952 || macc: 0.9279 || miou: 0.8801 || iou: [0.9676, 0.9776, 0.9172, 0.898, 0.7943, 0.8722, 0.8918, 0.8496, 0.9147, 0.8732, 0.8576, 0.7947, 0.8328]
val:   acc: 0.9085 || macc: 0.7745 || miou: 0.7099 || iou: [0.9461, 0.9794, 0.8542, 0.0, 0.4273, 0.6, 0.7154, 0.817, 0.9097, 0.7595, 0.7982, 0.7965, 0.6256]
duration: 114.10642743110657
new best!
epoch 30:
loss: 1.0347 || cls: 0.357
train: acc: 0.9519 || macc: 0.9272 || miou: 0.8796 || iou: [0.9685, 0.9779, 0.9164, 0.9026, 0.7872, 0.8698, 0.8849, 0.859, 0.916, 0.8655, 0.8579, 0.7974, 0.8322]
val:   acc: 0.9037 || macc: 0.7549 || miou: 0.6927 || iou: [0.9436, 0.9806, 0.8575, 0.0, 0.4259, 0.5853, 0.7237, 0.806, 0.9147, 0.5738, 0.7519, 0.8268, 0.6158]
duration: 120.49287390708923
epoch 31:
loss: 1.0305 || cls: 0.349
train: acc: 0.9539 || macc: 0.9292 || miou: 0.8826 || iou: [0.9687, 0.9779, 0.9205, 0.8999, 0.8016, 0.8797, 0.8946, 0.86, 0.9176, 0.8416, 0.8691, 0.8063, 0.8363]
val:   acc: 0.8987 || macc: 0.7452 || miou: 0.6738 || iou: [0.9401, 0.9782, 0.8396, 0.0, 0.1926, 0.6004, 0.6808, 0.8114, 0.9132, 0.6996, 0.772, 0.731, 0.6004]
duration: 119.5536482334137
epoch 32:
loss: 1.0293 || cls: 0.359
train: acc: 0.9547 || macc: 0.9308 || miou: 0.8848 || iou: [0.9684, 0.9781, 0.9223, 0.9028, 0.8047, 0.8818, 0.8962, 0.8612, 0.9131, 0.844, 0.8681, 0.8236, 0.8386]
val:   acc: 0.9032 || macc: 0.7604 || miou: 0.698 || iou: [0.9439, 0.9802, 0.8353, 0.0, 0.3249, 0.5886, 0.7312, 0.8147, 0.9196, 0.7464, 0.7836, 0.773, 0.6328]
duration: 116.12208151817322
epoch 33:
loss: 1.0294 || cls: 0.3612
train: acc: 0.9545 || macc: 0.9314 || miou: 0.8855 || iou: [0.9681, 0.9782, 0.9226, 0.9059, 0.8075, 0.8798, 0.891, 0.8628, 0.9174, 0.8515, 0.8696, 0.8188, 0.838]
val:   acc: 0.9037 || macc: 0.7613 || miou: 0.6952 || iou: [0.9278, 0.9815, 0.8522, 0.0, 0.275, 0.6211, 0.7671, 0.7928, 0.9219, 0.7847, 0.7812, 0.7414, 0.591]
duration: 122.54949498176575
epoch 34:
loss: 1.0275 || cls: 0.3603
train: acc: 0.9553 || macc: 0.9331 || miou: 0.888 || iou: [0.9677, 0.9783, 0.9229, 0.9018, 0.8141, 0.8891, 0.9015, 0.8644, 0.923, 0.8607, 0.8674, 0.8111, 0.8421]
val:   acc: 0.9082 || macc: 0.7749 || miou: 0.714 || iou: [0.9435, 0.9802, 0.8419, 0.0, 0.4468, 0.5933, 0.7518, 0.8186, 0.9186, 0.7958, 0.7854, 0.7649, 0.6415]
duration: 115.86384868621826
new best!
epoch 35:
loss: 1.0274 || cls: 0.3726
train: acc: 0.9553 || macc: 0.9319 || miou: 0.8866 || iou: [0.9685, 0.978, 0.9231, 0.8982, 0.8039, 0.8778, 0.8983, 0.8623, 0.9188, 0.8599, 0.8737, 0.8203, 0.843]
val:   acc: 0.8967 || macc: 0.7415 || miou: 0.6789 || iou: [0.9435, 0.9798, 0.8275, 0.0, 0.23, 0.5685, 0.617, 0.8275, 0.9245, 0.6996, 0.7929, 0.7918, 0.6235]
duration: 116.5710060596466
epoch 36:
loss: 1.0262 || cls: 0.3746
train: acc: 0.956 || macc: 0.9336 || miou: 0.8895 || iou: [0.9693, 0.9776, 0.9239, 0.9092, 0.8027, 0.8841, 0.8983, 0.8651, 0.9188, 0.873, 0.8741, 0.8217, 0.845]
val:   acc: 0.9018 || macc: 0.7646 || miou: 0.6971 || iou: [0.9379, 0.9668, 0.8401, 0.0, 0.3248, 0.6075, 0.7346, 0.7974, 0.9195, 0.782, 0.764, 0.7389, 0.6493]
duration: 118.14695715904236
epoch 37:
loss: 1.0259 || cls: 0.3785
train: acc: 0.9562 || macc: 0.9346 || miou: 0.8898 || iou: [0.9688, 0.9776, 0.9243, 0.9063, 0.822, 0.8905, 0.9008, 0.8672, 0.9197, 0.8539, 0.8743, 0.815, 0.8467]
val:   acc: 0.9078 || macc: 0.7528 || miou: 0.6994 || iou: [0.9501, 0.9821, 0.8396, 0.0, 0.3515, 0.5846, 0.8211, 0.8141, 0.9076, 0.6709, 0.7803, 0.7529, 0.6373]
duration: 118.6801860332489
epoch 38:
loss: 1.0204 || cls: 0.373
train: acc: 0.9587 || macc: 0.9397 || miou: 0.8978 || iou: [0.9703, 0.9789, 0.9286, 0.9155, 0.8303, 0.8971, 0.9067, 0.8713, 0.9252, 0.8752, 0.8836, 0.8385, 0.8508]
val:   acc: 0.8998 || macc: 0.7566 || miou: 0.7 || iou: [0.9432, 0.9819, 0.8269, 0.0, 0.2335, 0.611, 0.736, 0.8271, 0.9219, 0.8259, 0.7575, 0.7954, 0.6391]
duration: 118.37253642082214
epoch 39:
loss: 1.022 || cls: 0.3854
train: acc: 0.9579 || macc: 0.9381 || miou: 0.8952 || iou: [0.9697, 0.9792, 0.9264, 0.9077, 0.8133, 0.8952, 0.9005, 0.8726, 0.9277, 0.8688, 0.8824, 0.8428, 0.8508]
val:   acc: 0.9029 || macc: 0.7737 || miou: 0.6981 || iou: [0.9415, 0.9823, 0.8365, 0.0, 0.4177, 0.5683, 0.7154, 0.8199, 0.9216, 0.7682, 0.7823, 0.6913, 0.6304]
duration: 119.08998990058899
epoch 40:
loss: 1.0229 || cls: 0.395
train: acc: 0.9575 || macc: 0.936 || miou: 0.8918 || iou: [0.9697, 0.9784, 0.9267, 0.9091, 0.829, 0.8899, 0.9071, 0.8702, 0.917, 0.8458, 0.8797, 0.8224, 0.8487]
val:   acc: 0.9086 || macc: 0.7631 || miou: 0.708 || iou: [0.9486, 0.9818, 0.8447, 0.0, 0.317, 0.559, 0.7558, 0.8299, 0.9221, 0.8016, 0.7957, 0.7941, 0.6532]
duration: 116.40574479103088
epoch 41:
loss: 1.0216 || cls: 0.3963
train: acc: 0.9582 || macc: 0.9387 || miou: 0.8966 || iou: [0.9701, 0.9786, 0.9255, 0.9121, 0.8152, 0.8815, 0.9045, 0.8765, 0.9291, 0.8916, 0.8819, 0.8353, 0.8543]
val:   acc: 0.8975 || macc: 0.7485 || miou: 0.6944 || iou: [0.9279, 0.9802, 0.8241, 0.0, 0.3473, 0.5165, 0.7666, 0.8039, 0.9127, 0.7346, 0.7785, 0.836, 0.5996]
duration: 115.93118119239807
epoch 42:
loss: 1.019 || cls: 0.3971
train: acc: 0.9595 || macc: 0.9399 || miou: 0.8983 || iou: [0.9715, 0.9791, 0.9286, 0.9147, 0.8362, 0.8975, 0.9051, 0.8762, 0.9259, 0.8568, 0.8867, 0.8438, 0.8558]
val:   acc: 0.9107 || macc: 0.7523 || miou: 0.7026 || iou: [0.9396, 0.9819, 0.8466, 0.0, 0.4232, 0.5945, 0.7955, 0.8306, 0.9066, 0.537, 0.7974, 0.8403, 0.6409]
duration: 117.00656604766846
epoch 43:
loss: 1.0169 || cls: 0.3938
train: acc: 0.9604 || macc: 0.9431 || miou: 0.9029 || iou: [0.971, 0.9791, 0.9303, 0.9134, 0.8344, 0.8991, 0.9124, 0.8798, 0.9309, 0.8946, 0.887, 0.8476, 0.8585]
val:   acc: 0.8978 || macc: 0.7533 || miou: 0.6917 || iou: [0.9147, 0.981, 0.8473, 0.0, 0.4466, 0.5986, 0.7451, 0.7963, 0.9057, 0.754, 0.7469, 0.6852, 0.5713]
duration: 118.16230249404907
epoch 44:
loss: 1.0214 || cls: 0.4182
train: acc: 0.9583 || macc: 0.9375 || miou: 0.8953 || iou: [0.9684, 0.9786, 0.9286, 0.9085, 0.8306, 0.893, 0.9054, 0.8742, 0.9194, 0.8692, 0.8852, 0.8277, 0.8499]
val:   acc: 0.9104 || macc: 0.7764 || miou: 0.7184 || iou: [0.9409, 0.9816, 0.8526, 0.0, 0.4679, 0.5974, 0.7151, 0.8262, 0.9151, 0.7981, 0.796, 0.8158, 0.6324]
duration: 116.72419738769531
new best!
epoch 45:
loss: 1.0145 || cls: 0.4029
train: acc: 0.9616 || macc: 0.9439 || miou: 0.9043 || iou: [0.9709, 0.9793, 0.9327, 0.9221, 0.84, 0.895, 0.9144, 0.8821, 0.9287, 0.8895, 0.8924, 0.8457, 0.8628]
val:   acc: 0.9112 || macc: 0.7672 || miou: 0.7128 || iou: [0.9404, 0.9825, 0.8555, 0.0, 0.3782, 0.6242, 0.7137, 0.8251, 0.9106, 0.7458, 0.8067, 0.8388, 0.6454]
duration: 119.37207531929016
epoch 46:
loss: 1.0153 || cls: 0.4155
train: acc: 0.9613 || macc: 0.9438 || miou: 0.9042 || iou: [0.9709, 0.9789, 0.932, 0.9151, 0.8406, 0.894, 0.9065, 0.8832, 0.9305, 0.8992, 0.8951, 0.8446, 0.8638]
val:   acc: 0.9076 || macc: 0.7764 || miou: 0.7129 || iou: [0.9454, 0.9816, 0.8462, 0.0, 0.3779, 0.596, 0.7535, 0.8187, 0.9162, 0.7793, 0.7913, 0.8254, 0.6362]
duration: 117.83109140396118
epoch 47:
loss: 1.0149 || cls: 0.4201
train: acc: 0.9613 || macc: 0.9434 || miou: 0.9033 || iou: [0.9713, 0.9793, 0.9325, 0.9171, 0.8408, 0.8926, 0.9068, 0.8829, 0.9317, 0.8736, 0.8943, 0.8578, 0.8618]
val:   acc: 0.9057 || macc: 0.7656 || miou: 0.7082 || iou: [0.9418, 0.9814, 0.8526, 0.0, 0.4594, 0.5893, 0.7662, 0.8031, 0.9206, 0.7161, 0.7539, 0.8042, 0.6183]
duration: 114.6311571598053
epoch 48:
loss: 1.0146 || cls: 0.4243
train: acc: 0.9614 || macc: 0.9439 || miou: 0.9045 || iou: [0.9713, 0.9793, 0.9324, 0.9229, 0.8387, 0.9087, 0.9156, 0.8826, 0.9262, 0.8826, 0.8894, 0.8459, 0.8622]
val:   acc: 0.9082 || macc: 0.7833 || miou: 0.7128 || iou: [0.9523, 0.979, 0.8452, 0.0, 0.4547, 0.603, 0.7306, 0.8287, 0.9036, 0.732, 0.776, 0.8071, 0.6541]
duration: 117.67565774917603
epoch 49:
loss: 1.012 || cls: 0.4208
train: acc: 0.9626 || macc: 0.9455 || miou: 0.9066 || iou: [0.9721, 0.9799, 0.9337, 0.9174, 0.8466, 0.9026, 0.9128, 0.886, 0.9307, 0.8862, 0.899, 0.8508, 0.8674]
val:   acc: 0.9051 || macc: 0.7825 || miou: 0.7204 || iou: [0.9437, 0.9809, 0.857, 0.0, 0.4768, 0.5851, 0.7417, 0.8035, 0.9112, 0.8152, 0.745, 0.8654, 0.6397]
duration: 113.41735458374023
new best!
epoch 50:
loss: 1.0111 || cls: 0.4327
train: acc: 0.9629 || macc: 0.947 || miou: 0.909 || iou: [0.9718, 0.9794, 0.9346, 0.9252, 0.8425, 0.9024, 0.9183, 0.8882, 0.9318, 0.9024, 0.901, 0.8532, 0.8658]
val:   acc: 0.9068 || macc: 0.7647 || miou: 0.7016 || iou: [0.9531, 0.9823, 0.8513, 0.0, 0.2746, 0.5996, 0.7084, 0.8178, 0.9248, 0.7829, 0.772, 0.8086, 0.6448]
duration: 113.45762872695923
epoch 51:
loss: 1.0094 || cls: 0.4313
train: acc: 0.9639 || macc: 0.9491 || miou: 0.9121 || iou: [0.9724, 0.9799, 0.9357, 0.9238, 0.8459, 0.9118, 0.916, 0.891, 0.9353, 0.9151, 0.9037, 0.8558, 0.8712]
val:   acc: 0.9124 || macc: 0.7785 || miou: 0.7166 || iou: [0.9398, 0.981, 0.8526, 0.0, 0.4101, 0.6145, 0.7483, 0.821, 0.9183, 0.7451, 0.8032, 0.8179, 0.6644]
duration: 115.81794691085815
epoch 52:
loss: 1.0078 || cls: 0.4307
train: acc: 0.9646 || macc: 0.9498 || miou: 0.9125 || iou: [0.9734, 0.9802, 0.9364, 0.9223, 0.8603, 0.9066, 0.917, 0.8929, 0.9391, 0.903, 0.908, 0.8488, 0.8744]
val:   acc: 0.9098 || macc: 0.7722 || miou: 0.7068 || iou: [0.9505, 0.9822, 0.8496, 0.0, 0.375, 0.6191, 0.7271, 0.8359, 0.9186, 0.6867, 0.7925, 0.8031, 0.6486]
duration: 113.94352293014526
epoch 53:
loss: 1.0098 || cls: 0.4518
train: acc: 0.9637 || macc: 0.9484 || miou: 0.911 || iou: [0.9726, 0.9802, 0.9355, 0.9223, 0.8446, 0.9047, 0.9183, 0.8895, 0.9351, 0.9087, 0.9005, 0.8603, 0.8704]
val:   acc: 0.913 || macc: 0.7876 || miou: 0.7231 || iou: [0.9456, 0.9809, 0.8636, 0.0, 0.4511, 0.6094, 0.7125, 0.8246, 0.9148, 0.7955, 0.8011, 0.8493, 0.6513]
duration: 120.68461394309998
new best!
epoch 54:
loss: 1.0064 || cls: 0.4459
train: acc: 0.9652 || macc: 0.9499 || miou: 0.9136 || iou: [0.9734, 0.9802, 0.9384, 0.9291, 0.858, 0.9096, 0.9199, 0.8939, 0.9337, 0.8929, 0.9066, 0.8653, 0.8753]
val:   acc: 0.9037 || macc: 0.7416 || miou: 0.6873 || iou: [0.9409, 0.9807, 0.8331, 0.0, 0.1435, 0.6155, 0.7419, 0.7985, 0.9191, 0.7316, 0.7948, 0.7953, 0.6396]
duration: 117.37124800682068
epoch 55:
loss: 1.0045 || cls: 0.4441
train: acc: 0.966 || macc: 0.9512 || miou: 0.9159 || iou: [0.9735, 0.9806, 0.9398, 0.9304, 0.8496, 0.9116, 0.9234, 0.8945, 0.9386, 0.9051, 0.9105, 0.8713, 0.8782]
val:   acc: 0.9092 || macc: 0.782 || miou: 0.7185 || iou: [0.944, 0.9807, 0.8572, 0.0, 0.3888, 0.5963, 0.757, 0.8157, 0.9196, 0.8394, 0.7751, 0.8231, 0.643]
duration: 117.91891360282898
epoch 56:
loss: 1.0039 || cls: 0.4472
train: acc: 0.9662 || macc: 0.9527 || miou: 0.9181 || iou: [0.9729, 0.9801, 0.9394, 0.9322, 0.8716, 0.9135, 0.9226, 0.896, 0.9405, 0.9168, 0.912, 0.858, 0.8795]
val:   acc: 0.9088 || macc: 0.7706 || miou: 0.7093 || iou: [0.9432, 0.9806, 0.8541, 0.0, 0.375, 0.569, 0.6964, 0.825, 0.9261, 0.801, 0.7941, 0.8059, 0.6499]
duration: 119.0332043170929
epoch 57:
loss: 1.005 || cls: 0.4611
train: acc: 0.9658 || macc: 0.952 || miou: 0.9169 || iou: [0.9735, 0.9806, 0.9388, 0.9275, 0.8597, 0.9073, 0.9172, 0.8976, 0.9406, 0.9165, 0.9097, 0.8722, 0.8779]
val:   acc: 0.9101 || macc: 0.7818 || miou: 0.7128 || iou: [0.9503, 0.9812, 0.8585, 0.0, 0.3725, 0.6246, 0.7239, 0.8102, 0.9197, 0.7508, 0.784, 0.8387, 0.652]
duration: 116.16290736198425
epoch 58:
loss: 1.0001 || cls: 0.4504
train: acc: 0.9681 || macc: 0.9551 || miou: 0.9213 || iou: [0.9736, 0.9809, 0.943, 0.9305, 0.8705, 0.9186, 0.9284, 0.9019, 0.9414, 0.9048, 0.9188, 0.8797, 0.8852]
val:   acc: 0.9102 || macc: 0.7812 || miou: 0.7148 || iou: [0.9462, 0.9809, 0.8616, 0.0, 0.4419, 0.5956, 0.7119, 0.804, 0.9109, 0.7713, 0.7917, 0.8259, 0.6499]
duration: 112.45643973350525
epoch 59:
loss: 1.0006 || cls: 0.4527
train: acc: 0.9679 || macc: 0.955 || miou: 0.9219 || iou: [0.9742, 0.9807, 0.9421, 0.9312, 0.8671, 0.9222, 0.9257, 0.9017, 0.9417, 0.9176, 0.9184, 0.8766, 0.8853]
val:   acc: 0.9111 || macc: 0.7777 || miou: 0.7199 || iou: [0.9374, 0.9813, 0.8549, 0.0, 0.4716, 0.6247, 0.763, 0.8181, 0.9256, 0.6864, 0.8041, 0.87, 0.6219]
duration: 115.08855628967285
epoch 60:
loss: 1.0005 || cls: 0.4627
train: acc: 0.9681 || macc: 0.9556 || miou: 0.9222 || iou: [0.9737, 0.9809, 0.9431, 0.9299, 0.8673, 0.9122, 0.9299, 0.9027, 0.9426, 0.9183, 0.9177, 0.8859, 0.885]
val:   acc: 0.9107 || macc: 0.7687 || miou: 0.7084 || iou: [0.9488, 0.9815, 0.8562, 0.0, 0.294, 0.6027, 0.7141, 0.8185, 0.9282, 0.8114, 0.7874, 0.8068, 0.6596]
duration: 118.06587481498718
epoch 61:
loss: 0.9986 || cls: 0.4606
train: acc: 0.9687 || macc: 0.9565 || miou: 0.9239 || iou: [0.9742, 0.9811, 0.9437, 0.9355, 0.8738, 0.9222, 0.9323, 0.905, 0.9447, 0.9212, 0.9187, 0.8704, 0.8879]
val:   acc: 0.9105 || macc: 0.7878 || miou: 0.7226 || iou: [0.94, 0.9817, 0.8577, 0.0, 0.4895, 0.5924, 0.6943, 0.8189, 0.9205, 0.8032, 0.8017, 0.8601, 0.6339]
duration: 118.02539777755737
epoch 62:
loss: 0.9989 || cls: 0.4683
train: acc: 0.9687 || macc: 0.9562 || miou: 0.9234 || iou: [0.9745, 0.9813, 0.9435, 0.9296, 0.875, 0.9211, 0.929, 0.9057, 0.9437, 0.9161, 0.919, 0.8782, 0.8882]
val:   acc: 0.9074 || macc: 0.7709 || miou: 0.7155 || iou: [0.9425, 0.9831, 0.8499, 0.0, 0.4753, 0.6043, 0.7637, 0.8328, 0.9203, 0.7336, 0.7703, 0.7968, 0.6288]
duration: 118.43903064727783
epoch 63:
loss: 0.9982 || cls: 0.4771
train: acc: 0.9691 || macc: 0.9575 || miou: 0.9256 || iou: [0.9747, 0.9814, 0.9443, 0.9333, 0.883, 0.9212, 0.9256, 0.9064, 0.9423, 0.9297, 0.9197, 0.8807, 0.8903]
val:   acc: 0.9093 || macc: 0.783 || miou: 0.7177 || iou: [0.9416, 0.9824, 0.8471, 0.0, 0.43, 0.5743, 0.7508, 0.8274, 0.9102, 0.7913, 0.8055, 0.8252, 0.6439]
duration: 116.46072912216187
epoch 64:
loss: 0.9932 || cls: 0.4535
train: acc: 0.9713 || macc: 0.9615 || miou: 0.9317 || iou: [0.975, 0.9817, 0.9488, 0.9408, 0.8923, 0.93, 0.9336, 0.9107, 0.9495, 0.9332, 0.9278, 0.8922, 0.8958]
val:   acc: 0.9126 || macc: 0.7889 || miou: 0.7263 || iou: [0.9431, 0.9816, 0.859, 0.0, 0.4551, 0.5917, 0.7724, 0.8079, 0.9212, 0.7964, 0.797, 0.8629, 0.6531]
duration: 116.21222925186157
new best!
epoch 65:
loss: 0.9952 || cls: 0.4785
train: acc: 0.9704 || macc: 0.9588 || miou: 0.928 || iou: [0.9754, 0.982, 0.9456, 0.9382, 0.8622, 0.9225, 0.9329, 0.91, 0.9481, 0.931, 0.926, 0.8938, 0.8958]
val:   acc: 0.9122 || macc: 0.7896 || miou: 0.7245 || iou: [0.9413, 0.9819, 0.858, 0.0, 0.4441, 0.6112, 0.7172, 0.8241, 0.9207, 0.8487, 0.809, 0.8122, 0.6495]
duration: 117.96326446533203
epoch 66:
loss: 0.9933 || cls: 0.4718
train: acc: 0.9713 || macc: 0.9612 || miou: 0.9313 || iou: [0.9752, 0.9822, 0.9483, 0.9376, 0.8856, 0.9272, 0.9363, 0.9126, 0.9478, 0.9324, 0.928, 0.8975, 0.8968]
val:   acc: 0.9108 || macc: 0.7771 || miou: 0.7152 || iou: [0.9476, 0.9824, 0.8503, 0.0, 0.3814, 0.6093, 0.7221, 0.8228, 0.9245, 0.7654, 0.7978, 0.8431, 0.6516]
duration: 116.28691363334656
epoch 67:
loss: 0.9929 || cls: 0.4769
train: acc: 0.9715 || macc: 0.9613 || miou: 0.9314 || iou: [0.976, 0.9817, 0.9488, 0.9369, 0.8833, 0.93, 0.9374, 0.9125, 0.9492, 0.933, 0.9279, 0.894, 0.8972]
val:   acc: 0.911 || macc: 0.7757 || miou: 0.7174 || iou: [0.9415, 0.9826, 0.8529, 0.0, 0.321, 0.5902, 0.765, 0.827, 0.9307, 0.8223, 0.8001, 0.8464, 0.6471]
duration: 115.06382918357849
epoch 68:
loss: 0.9909 || cls: 0.4761
train: acc: 0.9724 || macc: 0.963 || miou: 0.9343 || iou: [0.9756, 0.9821, 0.9504, 0.9432, 0.8925, 0.9309, 0.9395, 0.9145, 0.9519, 0.94, 0.9303, 0.8957, 0.8998]
val:   acc: 0.9122 || macc: 0.7737 || miou: 0.7153 || iou: [0.9464, 0.9823, 0.8526, 0.0, 0.3113, 0.5938, 0.7447, 0.8212, 0.9271, 0.8187, 0.8054, 0.8382, 0.6572]
duration: 118.73112154006958
epoch 69:
loss: 0.9893 || cls: 0.4708
train: acc: 0.9732 || macc: 0.9636 || miou: 0.9353 || iou: [0.9758, 0.9827, 0.9519, 0.9406, 0.8919, 0.9355, 0.9405, 0.9183, 0.9537, 0.9319, 0.9336, 0.9001, 0.9024]
val:   acc: 0.9105 || macc: 0.7796 || miou: 0.7162 || iou: [0.946, 0.9827, 0.8535, 0.0, 0.311, 0.5991, 0.7188, 0.8274, 0.927, 0.8511, 0.8048, 0.8338, 0.6557]
duration: 114.71740651130676
epoch 70:
loss: 0.9894 || cls: 0.4762
train: acc: 0.9731 || macc: 0.9631 || miou: 0.9346 || iou: [0.9768, 0.9822, 0.9513, 0.9422, 0.8876, 0.9363, 0.9377, 0.919, 0.9503, 0.9278, 0.9352, 0.8991, 0.904]
val:   acc: 0.9093 || macc: 0.795 || miou: 0.7217 || iou: [0.9439, 0.9823, 0.8505, 0.0, 0.4681, 0.5962, 0.7618, 0.8104, 0.9261, 0.7488, 0.7979, 0.8518, 0.6446]
duration: 117.6592538356781
epoch 71:
loss: 0.9877 || cls: 0.4704
train: acc: 0.9739 || macc: 0.9657 || miou: 0.9386 || iou: [0.9765, 0.9828, 0.9522, 0.946, 0.892, 0.9358, 0.9411, 0.9216, 0.9543, 0.9433, 0.9351, 0.914, 0.9069]
val:   acc: 0.9109 || macc: 0.7655 || miou: 0.709 || iou: [0.9464, 0.9823, 0.853, 0.0, 0.3094, 0.6078, 0.7228, 0.8281, 0.9249, 0.7258, 0.8087, 0.8585, 0.6497]
duration: 120.22323942184448
epoch 72:
loss: 0.9865 || cls: 0.4687
train: acc: 0.9745 || macc: 0.9663 || miou: 0.9396 || iou: [0.9768, 0.9827, 0.9537, 0.9446, 0.9013, 0.9357, 0.9421, 0.9212, 0.9551, 0.9426, 0.938, 0.9131, 0.9083]
val:   acc: 0.9069 || macc: 0.7822 || miou: 0.721 || iou: [0.9427, 0.9823, 0.8557, 0.0, 0.4172, 0.5842, 0.7719, 0.8344, 0.9267, 0.8302, 0.7702, 0.8387, 0.6195]
duration: 118.45079565048218
epoch 73:
loss: 0.9853 || cls: 0.4734
train: acc: 0.9751 || macc: 0.9673 || miou: 0.9413 || iou: [0.9766, 0.9826, 0.955, 0.9445, 0.9054, 0.9393, 0.9418, 0.9243, 0.9568, 0.947, 0.9408, 0.9126, 0.9104]
val:   acc: 0.9178 || macc: 0.8014 || miou: 0.7428 || iou: [0.9487, 0.9816, 0.8598, 0.0, 0.5289, 0.5993, 0.8064, 0.8247, 0.9305, 0.8509, 0.8129, 0.843, 0.6693]
duration: 115.32133531570435
new best!
epoch 74:
loss: 0.9845 || cls: 0.4675
train: acc: 0.9755 || macc: 0.9678 || miou: 0.942 || iou: [0.9778, 0.9831, 0.9554, 0.9453, 0.9047, 0.9393, 0.9476, 0.925, 0.9566, 0.9499, 0.9411, 0.9092, 0.911]
val:   acc: 0.9129 || macc: 0.7877 || miou: 0.7277 || iou: [0.9428, 0.9823, 0.8639, 0.0, 0.4533, 0.5703, 0.7014, 0.8344, 0.9221, 0.8582, 0.8109, 0.8757, 0.6452]
duration: 116.11268496513367
epoch 75:
loss: 0.9838 || cls: 0.4699
train: acc: 0.9758 || macc: 0.9678 || miou: 0.9428 || iou: [0.9783, 0.9829, 0.9551, 0.9512, 0.9059, 0.9402, 0.9472, 0.9272, 0.9566, 0.946, 0.9424, 0.9093, 0.9139]
val:   acc: 0.9126 || macc: 0.7833 || miou: 0.7248 || iou: [0.9427, 0.9816, 0.8611, 0.0, 0.406, 0.5887, 0.7468, 0.8355, 0.927, 0.8372, 0.7929, 0.8527, 0.6503]
duration: 115.34975552558899
epoch 76:
loss: 0.9833 || cls: 0.473
train: acc: 0.976 || macc: 0.969 || miou: 0.9438 || iou: [0.9779, 0.9834, 0.9559, 0.9493, 0.9004, 0.9439, 0.9467, 0.9282, 0.9585, 0.9515, 0.9413, 0.9195, 0.913]
val:   acc: 0.914 || macc: 0.7915 || miou: 0.7291 || iou: [0.9439, 0.9824, 0.8604, 0.0, 0.4927, 0.5785, 0.7465, 0.8332, 0.9188, 0.813, 0.8011, 0.8459, 0.6623]
duration: 114.60492372512817
epoch 77:
loss: 0.9815 || cls: 0.4665
train: acc: 0.9768 || macc: 0.9702 || miou: 0.946 || iou: [0.9784, 0.9834, 0.9576, 0.9523, 0.9115, 0.9444, 0.9479, 0.929, 0.959, 0.9547, 0.9449, 0.9178, 0.9168]
val:   acc: 0.916 || macc: 0.7925 || miou: 0.7335 || iou: [0.9456, 0.9826, 0.863, 0.0, 0.4901, 0.5889, 0.7416, 0.838, 0.9254, 0.8385, 0.8116, 0.8482, 0.6616]
duration: 115.29597735404968
epoch 78:
loss: 0.9807 || cls: 0.4633
train: acc: 0.9772 || macc: 0.9704 || miou: 0.9465 || iou: [0.9775, 0.9836, 0.9589, 0.9531, 0.912, 0.9461, 0.9524, 0.9301, 0.9596, 0.9498, 0.9471, 0.9186, 0.916]
val:   acc: 0.9177 || macc: 0.7899 || miou: 0.7358 || iou: [0.9474, 0.9817, 0.8628, 0.0, 0.5303, 0.603, 0.7429, 0.8388, 0.9198, 0.81, 0.8124, 0.8407, 0.6756]
duration: 119.2374804019928
epoch 79:
loss: 0.9802 || cls: 0.4634
train: acc: 0.9775 || macc: 0.971 || miou: 0.9473 || iou: [0.9784, 0.9838, 0.9591, 0.9485, 0.909, 0.9459, 0.9489, 0.9322, 0.9607, 0.9573, 0.9475, 0.9253, 0.9189]
val:   acc: 0.9144 || macc: 0.7828 || miou: 0.7274 || iou: [0.9394, 0.9823, 0.8571, 0.0, 0.4366, 0.592, 0.7526, 0.8378, 0.9202, 0.8131, 0.8116, 0.858, 0.656]
duration: 117.52500581741333
epoch 80:
loss: 0.9789 || cls: 0.4613
train: acc: 0.9781 || macc: 0.9722 || miou: 0.9495 || iou: [0.9787, 0.9841, 0.9594, 0.9538, 0.9158, 0.9467, 0.9518, 0.9348, 0.9612, 0.9573, 0.9493, 0.9289, 0.9212]
val:   acc: 0.9157 || macc: 0.7856 || miou: 0.7299 || iou: [0.9448, 0.9833, 0.8622, 0.0, 0.4326, 0.6116, 0.764, 0.8348, 0.9221, 0.8121, 0.8105, 0.8545, 0.6564]
duration: 120.90300393104553
epoch 81:
loss: 0.9781 || cls: 0.4611
train: acc: 0.9785 || macc: 0.9724 || miou: 0.9497 || iou: [0.9792, 0.984, 0.9604, 0.954, 0.9192, 0.9461, 0.9541, 0.9351, 0.961, 0.9526, 0.9513, 0.9267, 0.9225]
val:   acc: 0.915 || macc: 0.7824 || miou: 0.7257 || iou: [0.9456, 0.9825, 0.859, 0.0, 0.4422, 0.5927, 0.7463, 0.8251, 0.926, 0.8238, 0.8087, 0.8206, 0.6618]
duration: 116.18481612205505
epoch 82:
loss: 0.9772 || cls: 0.4573
train: acc: 0.9789 || macc: 0.9734 || miou: 0.9514 || iou: [0.9791, 0.9841, 0.9616, 0.9557, 0.9204, 0.9491, 0.9558, 0.936, 0.9626, 0.9597, 0.9508, 0.9294, 0.9235]
val:   acc: 0.9155 || macc: 0.7916 || miou: 0.7344 || iou: [0.9363, 0.9827, 0.8643, 0.0, 0.5714, 0.5855, 0.7337, 0.8362, 0.922, 0.8067, 0.8122, 0.8509, 0.6454]
duration: 112.55201005935669
epoch 83:
loss: 0.9769 || cls: 0.4604
train: acc: 0.9791 || macc: 0.9734 || miou: 0.9515 || iou: [0.979, 0.9844, 0.9622, 0.9569, 0.9171, 0.949, 0.9563, 0.9369, 0.9622, 0.9577, 0.9515, 0.9323, 0.9238]
val:   acc: 0.917 || macc: 0.7906 || miou: 0.7322 || iou: [0.9499, 0.9828, 0.8643, 0.0, 0.4756, 0.6073, 0.7318, 0.8311, 0.9266, 0.8161, 0.8161, 0.8483, 0.6691]
duration: 119.57869243621826
epoch 84:
loss: 0.976 || cls: 0.4566
train: acc: 0.9796 || macc: 0.9742 || miou: 0.9528 || iou: [0.9795, 0.9843, 0.9628, 0.9593, 0.9224, 0.9499, 0.9575, 0.9375, 0.9631, 0.9617, 0.9526, 0.9309, 0.9254]
val:   acc: 0.9177 || macc: 0.792 || miou: 0.7332 || iou: [0.9507, 0.9834, 0.8694, 0.0, 0.4756, 0.6113, 0.736, 0.8255, 0.9277, 0.8239, 0.8086, 0.851, 0.6681]
duration: 120.5040979385376
epoch 85:
loss: 0.9752 || cls: 0.4556
train: acc: 0.9799 || macc: 0.9746 || miou: 0.9535 || iou: [0.9795, 0.9847, 0.9633, 0.958, 0.9226, 0.9522, 0.9579, 0.9383, 0.9648, 0.9593, 0.9542, 0.9338, 0.9266]
val:   acc: 0.918 || macc: 0.7891 || miou: 0.7335 || iou: [0.95, 0.983, 0.8626, 0.0, 0.4536, 0.5997, 0.7556, 0.8259, 0.9307, 0.8215, 0.815, 0.8639, 0.6741]
duration: 117.34755039215088
epoch 86:
loss: 0.9745 || cls: 0.4538
train: acc: 0.9803 || macc: 0.9752 || miou: 0.9544 || iou: [0.98, 0.9847, 0.964, 0.9592, 0.9214, 0.9524, 0.9598, 0.94, 0.9648, 0.9634, 0.9546, 0.9343, 0.9284]
val:   acc: 0.9183 || macc: 0.7889 || miou: 0.733 || iou: [0.948, 0.9828, 0.8673, 0.0, 0.4778, 0.6147, 0.7476, 0.8324, 0.9259, 0.7893, 0.8147, 0.8557, 0.6727]
duration: 117.12315058708191
epoch 87:
loss: 0.974 || cls: 0.4562
train: acc: 0.9805 || macc: 0.9755 || miou: 0.9552 || iou: [0.9801, 0.9849, 0.9642, 0.9597, 0.9269, 0.9536, 0.9581, 0.9399, 0.9652, 0.9632, 0.9555, 0.9373, 0.9285]
val:   acc: 0.9169 || macc: 0.7909 || miou: 0.7341 || iou: [0.945, 0.9826, 0.8671, 0.0, 0.483, 0.603, 0.738, 0.8369, 0.9246, 0.8294, 0.8127, 0.8538, 0.6675]
duration: 120.0747184753418
epoch 88:
loss: 0.9736 || cls: 0.4537
train: acc: 0.9807 || macc: 0.976 || miou: 0.9558 || iou: [0.9801, 0.985, 0.9646, 0.9606, 0.9265, 0.9546, 0.9599, 0.9413, 0.9662, 0.962, 0.9559, 0.9386, 0.9299]
val:   acc: 0.9165 || macc: 0.7882 || miou: 0.7317 || iou: [0.9452, 0.9827, 0.8638, 0.0, 0.4836, 0.6077, 0.7575, 0.8286, 0.9224, 0.796, 0.808, 0.851, 0.6658]
duration: 114.30958080291748
epoch 89:
loss: 0.9729 || cls: 0.4517
train: acc: 0.9811 || macc: 0.9763 || miou: 0.9564 || iou: [0.9802, 0.985, 0.9655, 0.9607, 0.9269, 0.9538, 0.9612, 0.9406, 0.966, 0.9638, 0.9579, 0.9402, 0.9312]
val:   acc: 0.9171 || macc: 0.7898 || miou: 0.7345 || iou: [0.9425, 0.9825, 0.8671, 0.0, 0.4997, 0.6063, 0.7533, 0.8355, 0.9295, 0.8096, 0.8119, 0.8502, 0.661]
duration: 120.63806533813477
epoch 90:
loss: 0.9728 || cls: 0.451
train: acc: 0.9811 || macc: 0.9764 || miou: 0.9566 || iou: [0.9806, 0.9853, 0.9653, 0.9609, 0.9258, 0.9551, 0.9608, 0.942, 0.966, 0.9675, 0.9575, 0.9378, 0.9315]
val:   acc: 0.9181 || macc: 0.7902 || miou: 0.7337 || iou: [0.9466, 0.9826, 0.8668, 0.0, 0.4972, 0.6083, 0.7486, 0.8317, 0.9283, 0.7996, 0.8182, 0.8423, 0.6676]
duration: 110.11580634117126
epoch 91:
loss: 0.9725 || cls: 0.4515
train: acc: 0.9812 || macc: 0.9766 || miou: 0.9569 || iou: [0.9805, 0.985, 0.9656, 0.9612, 0.9281, 0.9561, 0.961, 0.9427, 0.9661, 0.9645, 0.9582, 0.9394, 0.9313]
val:   acc: 0.9172 || macc: 0.7875 || miou: 0.733 || iou: [0.9467, 0.983, 0.8648, 0.0, 0.4497, 0.6045, 0.7504, 0.8368, 0.9331, 0.8339, 0.8165, 0.8443, 0.6658]
duration: 119.05522465705872
epoch 92:
loss: 0.9722 || cls: 0.4518
train: acc: 0.9814 || macc: 0.977 || miou: 0.9576 || iou: [0.9806, 0.9851, 0.966, 0.9615, 0.928, 0.956, 0.9619, 0.9434, 0.9667, 0.9686, 0.958, 0.9404, 0.9323]
val:   acc: 0.9171 || macc: 0.7898 || miou: 0.7334 || iou: [0.9459, 0.9826, 0.8654, 0.0, 0.484, 0.5986, 0.749, 0.8379, 0.9248, 0.8145, 0.8125, 0.8537, 0.6659]
duration: 119.96803545951843
epoch 93:
loss: 0.9719 || cls: 0.4495
train: acc: 0.9815 || macc: 0.9772 || miou: 0.9578 || iou: [0.9811, 0.9851, 0.9662, 0.9614, 0.9298, 0.9557, 0.962, 0.9429, 0.9667, 0.9662, 0.9586, 0.9421, 0.9334]
val:   acc: 0.9169 || macc: 0.7865 || miou: 0.7312 || iou: [0.946, 0.983, 0.8637, 0.0, 0.4571, 0.6042, 0.7508, 0.8385, 0.9306, 0.8003, 0.8131, 0.8498, 0.668]
duration: 112.56352400779724
epoch 94:
loss: 0.9717 || cls: 0.45
train: acc: 0.9816 || macc: 0.9773 || miou: 0.9583 || iou: [0.9806, 0.985, 0.9665, 0.9626, 0.9308, 0.9563, 0.962, 0.9434, 0.9671, 0.9689, 0.9591, 0.9422, 0.9331]
val:   acc: 0.9179 || macc: 0.7921 || miou: 0.737 || iou: [0.9466, 0.9829, 0.8652, 0.0, 0.4761, 0.6063, 0.76, 0.8384, 0.9298, 0.8404, 0.8159, 0.8502, 0.669]
duration: 120.38182783126831
epoch 95:
loss: 0.9718 || cls: 0.4485
train: acc: 0.9815 || macc: 0.9773 || miou: 0.9581 || iou: [0.9802, 0.9852, 0.9661, 0.9602, 0.9313, 0.9576, 0.9617, 0.9441, 0.9674, 0.9666, 0.9596, 0.9431, 0.9326]
val:   acc: 0.9185 || macc: 0.7947 || miou: 0.7379 || iou: [0.9465, 0.983, 0.8678, 0.0, 0.5025, 0.6084, 0.7522, 0.8357, 0.9301, 0.8238, 0.8164, 0.857, 0.6692]
duration: 119.25513434410095
epoch 96:
loss: 0.9715 || cls: 0.4467
train: acc: 0.9817 || macc: 0.977 || miou: 0.9579 || iou: [0.9813, 0.9852, 0.9664, 0.9605, 0.9302, 0.9579, 0.9626, 0.9446, 0.9673, 0.965, 0.9597, 0.9382, 0.934]
val:   acc: 0.9179 || macc: 0.7922 || miou: 0.7363 || iou: [0.9462, 0.9831, 0.8669, 0.0, 0.489, 0.6074, 0.7515, 0.8333, 0.9316, 0.8261, 0.8134, 0.8557, 0.6672]
duration: 116.09486246109009
epoch 97:
loss: 0.9714 || cls: 0.448
train: acc: 0.9818 || macc: 0.9776 || miou: 0.9586 || iou: [0.9808, 0.9852, 0.9667, 0.9618, 0.9305, 0.9563, 0.9623, 0.9449, 0.9674, 0.9678, 0.9593, 0.9446, 0.9338]
val:   acc: 0.9177 || macc: 0.7899 || miou: 0.734 || iou: [0.9463, 0.9829, 0.8663, 0.0, 0.4731, 0.6059, 0.7532, 0.8371, 0.9304, 0.822, 0.8142, 0.8453, 0.665]
duration: 117.81896471977234
epoch 98:
loss: 0.9717 || cls: 0.4466
train: acc: 0.9816 || macc: 0.9771 || miou: 0.9579 || iou: [0.9809, 0.9852, 0.9661, 0.9626, 0.9289, 0.9571, 0.961, 0.9437, 0.967, 0.9669, 0.9585, 0.9417, 0.9334]
val:   acc: 0.9178 || macc: 0.7908 || miou: 0.7343 || iou: [0.9462, 0.9829, 0.8668, 0.0, 0.472, 0.6073, 0.7521, 0.8348, 0.9287, 0.8193, 0.8148, 0.8535, 0.6668]
duration: 118.73101043701172
epoch 99:
loss: 0.971 || cls: 0.4473
train: acc: 0.982 || macc: 0.9781 || miou: 0.9593 || iou: [0.9812, 0.9853, 0.9669, 0.963, 0.9315, 0.9579, 0.9631, 0.9442, 0.9684, 0.9683, 0.9601, 0.947, 0.9338]
val:   acc: 0.9179 || macc: 0.7906 || miou: 0.7346 || iou: [0.9465, 0.9828, 0.8656, 0.0, 0.4725, 0.6081, 0.7488, 0.8388, 0.9302, 0.817, 0.8164, 0.8538, 0.6691]
duration: 115.80396008491516
